Tables transferred to the GPU! (Time: 95 ms)
-------------------
insert a command:
square: load a board in square format
fen: load a board in fen format
bm: generate the best move
bk: do bk tests
pb: print the board
q: quit
-------------------
Launching tests!
   1) PASS:      Qg6 [ Qg6 ] (Time: 5979 ms)
   1 of 1 tests passed.
   2) FAIL:      Kg7 [ Rxb2 ] (Time: 563 ms)
   1 of 2 tests passed.
   3) PASS:      Rg3 [ Rg3 ] (Time: 1180 ms)
   2 of 3 tests passed.
   4) PASS:    Qxh7+ [ Qxh7+ ] (Time: 975 ms)
   3 of 4 tests passed.
   5) PASS:     Qc4+ [ Qc4+ ] (Time: 1843 ms)
   4 of 5 tests passed.
   6) PASS:      Rb7 [ Rb7 ] (Time: 46 ms)
   5 of 6 tests passed.
   7) FAIL:      Qh4 [ Ne3 ] (Time: 4319 ms)
   5 of 7 tests passed.
   8) FAIL:     Nf7+ [ Rf7 ] (Time: 357 ms)
   5 of 8 tests passed.
   9) PASS:     Bh2+ [ Bh2+ ] (Time: 9428 ms)
   6 of 9 tests passed.
  10) PASS:     Rxh7 [ Rxh7 ] (Time: 499 ms)
   7 of 10 tests passed.
  11) FAIL:      Bd4 [ Bxc6 ] (Time: 604 ms)
   7 of 11 tests passed.
  12) PASS:    Qxf3+ [ Qxf3+ ] (Time: 4063 ms)
   8 of 12 tests passed.
  13) PASS:    Qxf8+ [ Qxf8+ ] (Time: 2653 ms)
   9 of 13 tests passed.
  14) FAIL:       b4 [ Qxh7+ ] (Time: 1852 ms)
   9 of 14 tests passed.
  15) PASS:     Rxb7 [ Rxb7 ] (Time: 404 ms)
  10 of 15 tests passed.
  16) PASS:      Nc3 [ Nc3 ] (Time: 918 ms)
  11 of 16 tests passed.
  17) PASS:      Ne5 [ Ne5 ] (Time: 1999 ms)
  12 of 17 tests passed.
  18) FAIL:      Kf1 [ Rh8 ] (Time: 293 ms)
  12 of 18 tests passed.
  19) PASS:       c6 [ c6 ] (Time: 3384 ms)
  13 of 19 tests passed.
  20) PASS:      Bb5 [ Bb5 ] (Time: 8866 ms)
  14 of 20 tests passed.
  21) FAIL:     Nh6+ [ Qh6 ] (Time: 2338 ms)
  14 of 21 tests passed.
  22) FAIL:      Qh5 [ Ba2 Nxf7 ] (Time: 1612 ms)
  14 of 22 tests passed.
  23) FAIL:      Rf4 [ g4 ] (Time: 2812 ms)
  14 of 23 tests passed.
  24) PASS:      Bd4 [ Bd4 ] (Time: 5653 ms)
  15 of 24 tests passed.
  25) PASS:     Qh4+ [ Qh4+ ] (Time: 33 ms)
  16 of 25 tests passed.
  26) FAIL:      Bc6 [ Bf5 ] (Time: 7606 ms)
  16 of 26 tests passed.
  27) PASS:     Qf8+ [ Qf8+ ] (Time: 6871 ms)
  17 of 27 tests passed.
  28) PASS:     Qe1+ [ Qe1+ ] (Time: 13942 ms)
  18 of 28 tests passed.
  29) PASS:       c6 [ c6 ] (Time: 3973 ms)
  19 of 29 tests passed.
  30) FAIL:      Ng5 [ Nxd6 ] (Time: 15900 ms)
  19 of 30 tests passed.
  31) PASS:     dxe6 [ Qxa8 d6 dxe6 g3 ] (Time: 1047 ms)
  20 of 31 tests passed.
  32) PASS:     Qd8+ [ Qd8+ ] (Time: 876 ms)
  21 of 32 tests passed.
  33) PASS:     Qe5+ [ Qe5+ Qf4 ] (Time: 925 ms)
  22 of 33 tests passed.
  34) PASS:      Bg1 [ Bg1 ] (Time: 5890 ms)
  23 of 34 tests passed.
  35) PASS:    Rxh7+ [ Rxh7+ ] (Time: 1428 ms)
  24 of 35 tests passed.
  36) FAIL:    Qxd4+ [ Re1+ ] (Time: 2027 ms)
  24 of 36 tests passed.
  37) FAIL:     Nab4 [ Nxd4+ ] (Time: 9301 ms)
  24 of 37 tests passed.
  38) PASS:     Rd8+ [ Qd3 Rd8+ ] (Time: 2167 ms)
  25 of 38 tests passed.
  39) PASS:      Na4 [ Na4 ] (Time: 30961 ms)
  26 of 39 tests passed.
  40) PASS:      Rc8 [ Rc8 ] (Time: 2289 ms)
  27 of 40 tests passed.
  41) FAIL:     Rf8+ [ Ka5 Kc5 b7 ] (Time: 55 ms)
  27 of 41 tests passed.
  42) PASS:      Ba5 [ Ba5 ] (Time: 1241 ms)
  28 of 42 tests passed.
  43) PASS:     Qxa8 [ Be7 Qxa8 ] (Time: 2186 ms)
  29 of 43 tests passed.
  44) PASS:     dxc4 [ dxc4 ] (Time: 9009 ms)
  30 of 44 tests passed.
  45) PASS:     Qxa1 [ Qxa1 ] (Time: 734 ms)
  31 of 45 tests passed.
  46) PASS:      Nb5 [ Nb5 ] (Time: 2750 ms)
  32 of 46 tests passed.
  47) PASS:     Nxd4 [ Nxd4 ] (Time: 1851 ms)
  33 of 47 tests passed.
  48) PASS:      Rb4 [ Rb4 ] (Time: 6084 ms)
  34 of 48 tests passed.
  49) FAIL:       e5 [ Qxh7+ ] (Time: 2519 ms)
  34 of 49 tests passed.
  50) FAIL:    Rxg7+ [ Rxb6+ ] (Time: 4944 ms)
  34 of 50 tests passed.
  51) FAIL:       c4 [ Rg4+ ] (Time: 1943 ms)
  34 of 51 tests passed.
  52) FAIL:       a3 [ Re7 c4 ] (Time: 3216 ms)
  34 of 52 tests passed.
  53) FAIL:    Nxf3+ [ Re1 ] (Time: 1540 ms)
  34 of 53 tests passed.
  54) PASS:     Qh1+ [ Qh1+ ] (Time: 8473 ms)
  35 of 54 tests passed.
  55) FAIL:      Re3 [ Qxg7+ ] (Time: 11190 ms)
  35 of 55 tests passed.
  56) PASS:    Bxf2+ [ Bxf2+ ] (Time: 4278 ms)
  36 of 56 tests passed.
  57) PASS:     Rf8+ [ Rf8+ ] (Time: 182 ms)
  37 of 57 tests passed.
  58) FAIL:      Rc5 [ Qd1+ ] (Time: 1319 ms)
  37 of 58 tests passed.
  59) PASS:      Nd5 [ Nd5 ] (Time: 2241 ms)
  38 of 59 tests passed.
  60) PASS:     Qh8+ [ Qh8+ ] (Time: 1834 ms)
  39 of 60 tests passed.
  61) PASS:     Qf7+ [ Qf7+ ] (Time: 232 ms)
  40 of 61 tests passed.
  62) FAIL:      Ra8 [ Rxg3+ ] (Time: 2694 ms)
  40 of 62 tests passed.
  63) PASS:     Nxf7 [ Nxf7 ] (Time: 2438 ms)
  41 of 63 tests passed.
  64) FAIL:      Qd4 [ g4+ ] (Time: 814 ms)
  41 of 64 tests passed.
  65) PASS:     Ne7+ [ Ne7+ ] (Time: 306 ms)
  42 of 65 tests passed.
  66) FAIL:     Rgf8 [ Qxe5 ] (Time: 2887 ms)
  42 of 66 tests passed.
  67) FAIL:      Qb3 [ Rxd5 ] (Time: 2157 ms)
  42 of 67 tests passed.
  68) FAIL:      Kg1 [ Qxe3 ] (Time: 1241 ms)
  42 of 68 tests passed.
  69) PASS:       f3 [ f3 h3 ] (Time: 1366 ms)
  43 of 69 tests passed.
  70) PASS:     Na2+ [ Na2+ ] (Time: 1267 ms)
  44 of 70 tests passed.
  71) FAIL:      Bg5 [ Nxa7+ ] (Time: 4133 ms)
  44 of 71 tests passed.
  72) PASS:       e6 [ e6 ] (Time: 4995 ms)
  45 of 72 tests passed.
  73) FAIL:      Nd5 [ Qd2 ] (Time: 3768 ms)
  45 of 73 tests passed.
  74) FAIL:     Qxe4 [ Qf1+ ] (Time: 4338 ms)
  45 of 74 tests passed.
  75) FAIL:    Rxe1+ [ Qd6 ] (Time: 20573 ms)
  45 of 75 tests passed.
  76) PASS:     Bxf6 [ Bxf6 ] (Time: 1105 ms)
  46 of 76 tests passed.
  77) PASS:      Ng3 [ Ng3 ] (Time: 9366 ms)
  47 of 77 tests passed.
  78) FAIL:    Qxe6+ [ Ng5+ ] (Time: 7807 ms)
  47 of 78 tests passed.
  79) FAIL:    O-O-O [ Qxh2+ ] (Time: 5570 ms)
  47 of 79 tests passed.
  80) FAIL:     Bxb6 [ Ra1 ] (Time: 20116 ms)
  47 of 80 tests passed.
  81) FAIL:     Bxg2 [ Bd6 ] (Time: 1839 ms)
  47 of 81 tests passed.
  82) PASS:     Bh7+ [ Bh7+ ] (Time: 8267 ms)
  48 of 82 tests passed.
  83) FAIL:    Rxe8+ [ Qxd7 ] (Time: 1421 ms)
  48 of 83 tests passed.
  84) PASS:     Qg8+ [ Qg8+ ] (Time: 3164 ms)
  49 of 84 tests passed.
  85) PASS:      Na6 [ Na6 ] (Time: 1630 ms)
  50 of 85 tests passed.
  86) FAIL:       c5 [ Ng4+ ] (Time: 166 ms)
  50 of 86 tests passed.
  87) FAIL:     cxd4 [ Rxe5 ] (Time: 487 ms)
  50 of 87 tests passed.
  88) FAIL:      Qg5 [ Rxg2+ ] (Time: 6443 ms)
  50 of 88 tests passed.
  89) PASS:       g5 [ g5 ] (Time: 4621 ms)
  51 of 89 tests passed.
  90) FAIL:    Nxh6+ [ Nxg7 ] (Time: 2439 ms)
  51 of 90 tests passed.
  91) FAIL:      Nc2 [ Be6 ] (Time: 7590 ms)
  51 of 91 tests passed.
  92) FAIL:      Bc4 [ Bxg4 ] (Time: 3280 ms)
  51 of 92 tests passed.
  93) FAIL:     Bb5+ [ Bh6 ] (Time: 894 ms)
  51 of 93 tests passed.
  94) PASS:      e4+ [ e4+ ] (Time: 213 ms)
  52 of 94 tests passed.
  95) PASS:     Ng4+ [ Ng4+ ] (Time: 901 ms)
  53 of 95 tests passed.
  96) PASS:     Qd8+ [ Qd8+ b3 ] (Time: 3629 ms)
  54 of 96 tests passed.
  97) FAIL:      Qd5 [ Qa8+ ] (Time: 3315 ms)
  54 of 97 tests passed.
  98) PASS:     Nxe4 [ Nxe4 ] (Time: 12870 ms)
  55 of 98 tests passed.
  99) PASS:      Rh5 [ Rh5 ] (Time: 1567 ms)
  56 of 99 tests passed.
 100) PASS:      Be3 [ Be3 b6+ ] (Time: 16 ms)
  57 of 100 tests passed.
 101) FAIL:       e3 [ Bc3 ] (Time: 1718 ms)
  57 of 101 tests passed.
 102) PASS:    Qxf8+ [ Qxf8+ ] (Time: 2781 ms)
  58 of 102 tests passed.
 103) FAIL:    Rxg6+ [ Qxg6+ ] (Time: 12487 ms)
  58 of 103 tests passed.
 104) PASS:     Qxh5 [ Qxh5 ] (Time: 1847 ms)
  59 of 104 tests passed.
 105) PASS:     Qxh4 [ Bxg3 Qxh4 ] (Time: 12467 ms)
  60 of 105 tests passed.
 106) PASS:     Nf2+ [ Nf2+ ] (Time: 13614 ms)
  61 of 106 tests passed.
 107) PASS:      Nb5 [ Nb5 ] (Time: 372 ms)
  62 of 107 tests passed.
 108) PASS:      Qe5 [ Qe5 ] (Time: 10402 ms)
  63 of 108 tests passed.
 109) PASS:       c3 [ c3 ] (Time: 13526 ms)
  64 of 109 tests passed.
 110) PASS:      Be3 [ Be3 ] (Time: 6119 ms)
  65 of 110 tests passed.
 111) PASS:     Qf1+ [ Qf1+ ] (Time: 102 ms)
  66 of 111 tests passed.
 112) PASS:     Rxe6 [ Rxe6 ] (Time: 4370 ms)
  67 of 112 tests passed.
 113) PASS:     Qxf6 [ Qxf6 ] (Time: 485 ms)
  68 of 113 tests passed.
 114) PASS:    Bxh7+ [ Bxh7+ ] (Time: 1296 ms)
  69 of 114 tests passed.
 115) PASS:      Nd6 [ Nd6 ] (Time: 864 ms)
  70 of 115 tests passed.
 116) FAIL:      Nh3 [ Rd2 ] (Time: 14896 ms)
  70 of 116 tests passed.
 117) PASS:      Ne4 [ Ne4 ] (Time: 9855 ms)
  71 of 117 tests passed.
 118) FAIL:      Bc4 [ Rh4 ] (Time: 6050 ms)
  71 of 118 tests passed.
 119) FAIL:     Nf2+ [ Qxd3 ] (Time: 9641 ms)
  71 of 119 tests passed.
 120) FAIL:     Bxg7 [ Rhg1 g6 ] (Time: 1655 ms)
  71 of 120 tests passed.
 121) FAIL:       f5 [ Bxf3+ ] (Time: 3609 ms)
  71 of 121 tests passed.
 122) PASS:    Rxf1+ [ Rxf1+ ] (Time: 1460 ms)
  72 of 122 tests passed.
 123) PASS:      Rc7 [ Bxd5 Rc7 Re6 ] (Time: 6258 ms)
  73 of 123 tests passed.
 124) FAIL:      Rg7 [ g3 ] (Time: 1689 ms)
  73 of 124 tests passed.
 125) FAIL:      Nf4 [ Bxd4+ ] (Time: 6583 ms)
  73 of 125 tests passed.
 126) PASS:    Rxc6+ [ Rxc6+ ] (Time: 1956 ms)
  74 of 126 tests passed.
 127) PASS:     Rxb7 [ Rxb7 ] (Time: 865 ms)
  75 of 127 tests passed.
 128) FAIL:    Bxg7+ [ Qg6 ] (Time: 1809 ms)
  75 of 128 tests passed.
 129) PASS:      Bf3 [ Bf3 ] (Time: 17449 ms)
  76 of 129 tests passed.
 130) FAIL:      Nc4 [ Qh6 Qh8 ] (Time: 6957 ms)
  76 of 130 tests passed.
 131) FAIL:      Bf6 [ Re8 ] (Time: 1937 ms)
  76 of 131 tests passed.
 132) FAIL:    Qxf1+ [ Re1 ] (Time: 6152 ms)
  76 of 132 tests passed.
 133) FAIL:      Rf4 [ Bh4 ] (Time: 2599 ms)
  76 of 133 tests passed.
 134) FAIL:      Qf5 [ Rd1+ ] (Time: 3895 ms)
  76 of 134 tests passed.
 135) PASS:      Nd4 [ Nd4 ] (Time: 2703 ms)
  77 of 135 tests passed.
 136) FAIL:     Nxg7 [ Rc8+ ] (Time: 2337 ms)
  77 of 136 tests passed.
 137) FAIL:      Ra7 [ Rd7 ] (Time: 7534 ms)
  77 of 137 tests passed.
 138) PASS:       h5 [ h5 ] (Time: 1692 ms)
  78 of 138 tests passed.
 139) PASS:     Nf6+ [ Nf6+ ] (Time: 6892 ms)
  79 of 139 tests passed.
 140) PASS:      Bc7 [ Bc7 Rc7 ] (Time: 1368 ms)
  80 of 140 tests passed.
 141) FAIL:      Kf1 [ Qxf4 ] (Time: 5970 ms)
  80 of 141 tests passed.
 142) FAIL:      Na5 [ Re8 f6+ ] (Time: 2165 ms)
  80 of 142 tests passed.
 143) PASS:    Rxh6+ [ Rxh6+ ] (Time: 6119 ms)
  81 of 143 tests passed.
 144) FAIL:      Qb6 [ d3 ] (Time: 11129 ms)
  81 of 144 tests passed.
 145) FAIL:    Bxf6+ [ Re8 ] (Time: 335 ms)
  81 of 145 tests passed.
 146) PASS:      Bd3 [ Bc8 Bd3 Bh3 ] (Time: 48 ms)
  82 of 146 tests passed.
 147) FAIL:       e5 [ Nxg4 ] (Time: 3977 ms)
  82 of 147 tests passed.
 148) FAIL:       e7 [ Rxg7 ] (Time: 7867 ms)
  82 of 148 tests passed.
 149) PASS:     Bxg2 [ Bxg2 ] (Time: 3691 ms)
  83 of 149 tests passed.
 150) FAIL:      Bb4 [ Ba3 Be5 Bf8 e3 ] (Time: 14993 ms)
  83 of 150 tests passed.
 151) FAIL:      Na3 [ Nc3 ] (Time: 2162 ms)
  83 of 151 tests passed.
 152) PASS:      Ne4 [ Ne4 ] (Time: 4322 ms)
  84 of 152 tests passed.
 153) FAIL:       a4 [ Nxd4 ] (Time: 8678 ms)
  84 of 153 tests passed.
 154) PASS:    Qxf7+ [ Qxf7+ ] (Time: 3343 ms)
  85 of 154 tests passed.
 155) FAIL:      Qc8 [ d6 ] (Time: 1714 ms)
  85 of 155 tests passed.
 156) PASS:    Qxh6+ [ Qxh6+ ] (Time: 1017 ms)
  86 of 156 tests passed.
 157) PASS:     Ne7+ [ Ne7+ ] (Time: 2037 ms)
  87 of 157 tests passed.
 158) FAIL:     Qe6+ [ Rxg7+ ] (Time: 1761 ms)
  87 of 158 tests passed.
 159) PASS:     Ne6+ [ Ne6+ ] (Time: 1793 ms)
  88 of 159 tests passed.
 160) PASS:    Qxd7+ [ Qxd7+ ] (Time: 2057 ms)
  89 of 160 tests passed.
 161) FAIL:      Nc4 [ Qxd8+ ] (Time: 4227 ms)
  89 of 161 tests passed.
 162) PASS:      Bd5 [ Bd5 ] (Time: 33669 ms)
  90 of 162 tests passed.
 163) FAIL:      Bh5 [ Qg2+ ] (Time: 4040 ms)
  90 of 163 tests passed.
 164) FAIL:     Rd2+ [ Rxc4+ ] (Time: 874 ms)
  90 of 164 tests passed.
 165) FAIL:     Qd8+ [ Re2 ] (Time: 8676 ms)
  90 of 165 tests passed.
 166) PASS:       d4 [ d4 ] (Time: 4944 ms)
  91 of 166 tests passed.
 167) FAIL:     Rf1+ [ Rxg2+ ] (Time: 1245 ms)
  91 of 167 tests passed.
 168) FAIL:      Qa4 [ Qd2+ ] (Time: 6993 ms)
  91 of 168 tests passed.
 169) FAIL:     dxc5 [ Bh6 ] (Time: 6293 ms)
  91 of 169 tests passed.
 170) FAIL:     Rf7+ [ Qxc4 ] (Time: 963 ms)
  91 of 170 tests passed.
 171) FAIL:       h5 [ Bh6+ ] (Time: 4023 ms)
  91 of 171 tests passed.
 172) FAIL:     Ne2+ [ Qe1+ ] (Time: 1564 ms)
  91 of 172 tests passed.
 173) PASS:     Qh6+ [ Qh6+ ] (Time: 988 ms)
  92 of 173 tests passed.
 174) FAIL:      Rc3 [ Nxg2 ] (Time: 12161 ms)
  92 of 174 tests passed.
 175) PASS:      Nh5 [ Nh5 ] (Time: 8229 ms)
  93 of 175 tests passed.
 176) FAIL:       g5 [ Rxh2+ ] (Time: 16616 ms)
  93 of 176 tests passed.
 177) PASS:     Qa3+ [ Qa3+ ] (Time: 4159 ms)
  94 of 177 tests passed.
 178) FAIL:    Qxh7+ [ Nxe6 ] (Time: 641 ms)
  94 of 178 tests passed.
 179) FAIL:      Qd2 [ Qg1+ ] (Time: 12090 ms)
  94 of 179 tests passed.
 180) FAIL:    Nfxe4 [ Nxd5 ] (Time: 8044 ms)
  94 of 180 tests passed.
 181) PASS:      Ng4 [ Ng4 ] (Time: 3706 ms)
  95 of 181 tests passed.
 182) FAIL:      Qf3 [ Qh5 ] (Time: 5906 ms)
  95 of 182 tests passed.
 183) FAIL:      Rc6 [ Bf6 ] (Time: 2995 ms)
  95 of 183 tests passed.
 184) PASS:     Qe7+ [ Qe7+ ] (Time: 393 ms)
  96 of 184 tests passed.
 185) FAIL:      Qd1 [ Qxh7+ ] (Time: 1679 ms)
  96 of 185 tests passed.
 186) FAIL:     Be3+ [ Bf8+ ] (Time: 1169 ms)
  96 of 186 tests passed.
 187) PASS:     Nh3+ [ Nh3+ ] (Time: 331 ms)
  97 of 187 tests passed.
 188) PASS:     Qg7+ [ Qg7+ ] (Time: 9956 ms)
  98 of 188 tests passed.
 189) FAIL:      Re1 [ Re8+ ] (Time: 106 ms)
  98 of 189 tests passed.
 190) FAIL:     Nf2+ [ Bh3 ] (Time: 2148 ms)
  98 of 190 tests passed.
 191) PASS:      Qc4 [ Qc4 ] (Time: 1727 ms)
  99 of 191 tests passed.
 192) PASS:     Nd3+ [ Nd3+ ] (Time: 6179 ms)
 100 of 192 tests passed.
 193) FAIL:      Qe6 [ Qxe3 ] (Time: 6454 ms)
 100 of 193 tests passed.
 194) PASS:     Nh6+ [ Nh6+ ] (Time: 1491 ms)
 101 of 194 tests passed.
 195) PASS:       g3 [ g3 ] (Time: 4115 ms)
 102 of 195 tests passed.
 196) FAIL:      Ng4 [ Nb4 ] (Time: 14359 ms)
 102 of 196 tests passed.
 197) PASS:     Qf1+ [ Qf1+ ] (Time: 325 ms)
 103 of 197 tests passed.
 198) FAIL:      Nd3 [ Rd3 ] (Time: 15290 ms)
 103 of 198 tests passed.
 199) PASS:     Rfd1 [ Bxc6 Rcd1 Rfd1 ] (Time: 8552 ms)
 104 of 199 tests passed.
 200) FAIL:     dxe6 [ Bxf6 ] (Time: 4370 ms)
 104 of 200 tests passed.
 201) PASS:      Ra7 [ Ra7 ] (Time: 1211 ms)
 105 of 201 tests passed.
 202) FAIL:     Rxb8 [ Rxa2 ] (Time: 361 ms)
 105 of 202 tests passed.
 203) FAIL:      Qg4 [ Qh6 ] (Time: 1110 ms)
 105 of 203 tests passed.
 204) FAIL:      Nb6 [ Rxe5 ] (Time: 6275 ms)
 105 of 204 tests passed.
 205) FAIL:      Be3 [ Qxg5 ] (Time: 3442 ms)
 105 of 205 tests passed.
 206) PASS:      Rc6 [ Rc6 ] (Time: 4457 ms)
 106 of 206 tests passed.
 207) FAIL:      Qe4 [ Qxg7+ ] (Time: 4996 ms)
 106 of 207 tests passed.
 208) FAIL:      Rf2 [ Bf7+ ] (Time: 582 ms)
 106 of 208 tests passed.
 209) FAIL:      Qb3 [ Rxe5+ ] (Time: 1346 ms)
 106 of 209 tests passed.
 210) FAIL:      Qh4 [ Rh1 ] (Time: 1438 ms)
 106 of 210 tests passed.
 211) FAIL:      Nh6 [ Qxf7+ ] (Time: 1852 ms)
 106 of 211 tests passed.
 212) FAIL:     Ng6+ [ Qxg7+ ] (Time: 305 ms)
 106 of 212 tests passed.
 213) FAIL:      Qd2 [ Rxh7+ ] (Time: 6183 ms)
 106 of 213 tests passed.
 214) FAIL:      Rf3 [ Ng5 ] (Time: 6583 ms)
 106 of 214 tests passed.
 215) FAIL:     Rxc1 [ Qh7+ ] (Time: 2102 ms)
 106 of 215 tests passed.
 216) FAIL:      Bg5 [ Nxf7 a4 ] (Time: 2333 ms)
 106 of 216 tests passed.
 217) FAIL:      Ng5 [ Qd7+ ] (Time: 3148 ms)
 106 of 217 tests passed.
 218) PASS:      Bh6 [ Bh6 ] (Time: 1542 ms)
 107 of 218 tests passed.
 219) PASS:     Qf1+ [ Qf1+ ] (Time: 147 ms)
 108 of 219 tests passed.
 220) FAIL:      Nf6 [ Qxf1+ ] (Time: 14666 ms)
 108 of 220 tests passed.
 221) PASS:     Rd8+ [ Rd8+ ] (Time: 121 ms)
 109 of 221 tests passed.
 222) FAIL:     bxa3 [ Bf6 ] (Time: 10243 ms)
 109 of 222 tests passed.
 223) FAIL:      Be5 [ Nxe4 ] (Time: 9418 ms)
 109 of 223 tests passed.
 224) PASS:       e4 [ Rh6 e4 ] (Time: 5214 ms)
 110 of 224 tests passed.
 225) FAIL:      Qf7 [ Qh4+ ] (Time: 2982 ms)
 110 of 225 tests passed.
 226) FAIL:      Qe7 [ Nf7 ] (Time: 11277 ms)
 110 of 226 tests passed.
 227) FAIL:      Qh4 [ d5 ] (Time: 7441 ms)
 110 of 227 tests passed.
 228) FAIL:      Be5 [ Bxe4 ] (Time: 9688 ms)
 110 of 228 tests passed.
 229) FAIL:      Rh8 [ Rxh4 b4 ] (Time: 388 ms)
 110 of 229 tests passed.
 230) FAIL:      Rf7 [ Rb4 ] (Time: 108 ms)
 110 of 230 tests passed.
 231) FAIL:     Rxd7 [ Bg5 ] (Time: 4081 ms)
 110 of 231 tests passed.
 232) PASS:     Rxe8 [ Qb5 Rxe8 ] (Time: 3457 ms)
 111 of 232 tests passed.
 233) FAIL:    Rxf2+ [ Nb3 ] (Time: 1510 ms)
 111 of 233 tests passed.
 234) PASS:      Rb3 [ Rb3 ] (Time: 4956 ms)
 112 of 234 tests passed.
 235) PASS:    Rxf7+ [ Qe4 Qxf7+ Rxf7+ ] (Time: 1323 ms)
 113 of 235 tests passed.
 236) FAIL:    Bxh3+ [ Rc1 ] (Time: 5890 ms)
 113 of 236 tests passed.
 237) FAIL:     Rd2+ [ Rc1+ ] (Time: 2441 ms)
 113 of 237 tests passed.
 238) FAIL:    Rxb7+ [ Bxb7 ] (Time: 7323 ms)
 113 of 238 tests passed.
 239) PASS:     Qf1+ [ Qf1+ ] (Time: 604 ms)
 114 of 239 tests passed.
 240) FAIL:      Nf3 [ Qxc6 ] (Time: 4072 ms)
 114 of 240 tests passed.
 241) FAIL:    Bxf7+ [ Qxh7+ ] (Time: 2883 ms)
 114 of 241 tests passed.
 242) FAIL:      Nd6 [ Rxd7 ] (Time: 1615 ms)
 114 of 242 tests passed.
 243) PASS:      Qe2 [ Qe2 ] (Time: 3693 ms)
 115 of 243 tests passed.
 244) FAIL:      Qd2 [ Qxc5+ ] (Time: 4879 ms)
 115 of 244 tests passed.
 245) FAIL:      Nb5 [ Qxg6+ ] (Time: 1465 ms)
 115 of 245 tests passed.
 246) PASS:     Qh5+ [ Qh5+ ] (Time: 2750 ms)
 116 of 246 tests passed.
 247) FAIL:     Qc5+ [ Rxb5 ] (Time: 844 ms)
 116 of 247 tests passed.
 248) FAIL:      Qa6 [ Qc5+ ] (Time: 4941 ms)
 116 of 248 tests passed.
 249) PASS:       c5 [ c5 d5 ] (Time: 1734 ms)
 117 of 249 tests passed.
 250) FAIL:      Re1 [ Re8+ ] (Time: 6246 ms)
 117 of 250 tests passed.
 251) PASS:      Qf4 [ Qe5 Qf4 ] (Time: 1242 ms)
 118 of 251 tests passed.
 252) PASS:      Bg4 [ Bg4 Re2 ] (Time: 6951 ms)
 119 of 252 tests passed.
 253) FAIL:      c7+ [ Qe8+ ] (Time: 3225 ms)
 119 of 253 tests passed.
 254) PASS:     Nxh3 [ Nxh3 ] (Time: 7148 ms)
 120 of 254 tests passed.
 255) PASS:   Rfxg6+ [ Rfxg6+ ] (Time: 2946 ms)
 121 of 255 tests passed.
 256) FAIL:      Qg4 [ Nf5 ] (Time: 3007 ms)
 121 of 256 tests passed.
 257) FAIL:      Qc3 [ Rxd4 ] (Time: 7031 ms)
 121 of 257 tests passed.
 258) FAIL:      Rd1 [ Bxg6 ] (Time: 674 ms)
 121 of 258 tests passed.
 259) PASS:      Qh5 [ Qh5 ] (Time: 6319 ms)
 122 of 259 tests passed.
 260) PASS:     Qe6+ [ Qe6+ ] (Time: 5599 ms)
 123 of 260 tests passed.
 261) FAIL:    Qxg2+ [ Nd4 ] (Time: 2884 ms)
 123 of 261 tests passed.
 262) FAIL:      Bg5 [ Rh6 ] (Time: 5872 ms)
 123 of 262 tests passed.
 263) FAIL:      Qh5 [ Qg8+ ] (Time: 3310 ms)
 123 of 263 tests passed.
 264) FAIL:     Rxd4 [ Qe5 Rab8 ] (Time: 15740 ms)
 123 of 264 tests passed.
 265) FAIL:     Qxe4 [ exf6 ] (Time: 6126 ms)
 123 of 265 tests passed.
 266) FAIL:      Bd4 [ Rxh2+ ] (Time: 12598 ms)
 123 of 266 tests passed.
 267) FAIL:      Nf3 [ Nc7+ ] (Time: 2281 ms)
 123 of 267 tests passed.
 268) FAIL:      Re1 [ Re8+ ] (Time: 5137 ms)
 123 of 268 tests passed.
 269) FAIL:      O-O [ axb4 ] (Time: 9510 ms)
 123 of 269 tests passed.
 270) FAIL:    Rxe8+ [ Qg4 ] (Time: 805 ms)
 123 of 270 tests passed.
 271) FAIL:     g8=Q [ Rd6 ] (Time: 850 ms)
 123 of 271 tests passed.
 272) PASS:     Bxc5 [ Bxc5 ] (Time: 1196 ms)
 124 of 272 tests passed.
 273) FAIL:      Bd5 [ Ng3+ g3 ] (Time: 10164 ms)
 124 of 273 tests passed.
 274) PASS:     Rg5+ [ Rb6 Rg5+ ] (Time: 91 ms)
 125 of 274 tests passed.
 275) FAIL:     Nh3+ [ Nc5 Nxg2 b5 ] (Time: 5651 ms)
 125 of 275 tests passed.
 276) FAIL:    Rxg7+ [ Qd5+ ] (Time: 5326 ms)
 125 of 276 tests passed.
 277) FAIL:     Bxd3 [ Rg3 Rxg2 ] (Time: 4042 ms)
 125 of 277 tests passed.
 278) FAIL:      Qe3 [ Bf7+ ] (Time: 4959 ms)
 125 of 278 tests passed.
 279) PASS:     Nxf5 [ Nxf5 Rc3 ] (Time: 682 ms)
 126 of 279 tests passed.
 280) FAIL:     Qxe2 [ Bxa3 ] (Time: 24121 ms)
 126 of 280 tests passed.
 281) FAIL:      Rc2 [ Rxh7+ ] (Time: 2269 ms)
 126 of 281 tests passed.
 282) PASS:     Rh8+ [ Rh8+ ] (Time: 247 ms)
 127 of 282 tests passed.
 283) FAIL:      Nf2 [ Ng5 ] (Time: 2114 ms)
 127 of 283 tests passed.
 284) PASS:      Nf5 [ Nf5 ] (Time: 6475 ms)
 128 of 284 tests passed.
 285) FAIL:      Rg1 [ Qxg7+ ] (Time: 5337 ms)
 128 of 285 tests passed.
 286) FAIL:     Be2+ [ Rxd5+ ] (Time: 444 ms)
 128 of 286 tests passed.
 287) PASS:      Qh5 [ Qg4 Qh5 ] (Time: 6773 ms)
 129 of 287 tests passed.
 288) FAIL:      Ng3 [ Nf6+ ] (Time: 3977 ms)
 129 of 288 tests passed.
 289) FAIL:     Nd3+ [ Qe5 ] (Time: 6101 ms)
 129 of 289 tests passed.
 290) FAIL:     Qxa4 [ Ne2+ ] (Time: 7287 ms)
 129 of 290 tests passed.
 291) PASS:       h3 [ h3 ] (Time: 6023 ms)
 130 of 291 tests passed.
 292) PASS:      d6+ [ d6+ ] (Time: 502 ms)
 131 of 292 tests passed.
 293) FAIL:      Bh3 [ Nfg5 ] (Time: 1457 ms)
 131 of 293 tests passed.
 294) FAIL:      Qf5 [ Bf8 Nf5 Qf4 ] (Time: 13332 ms)
 131 of 294 tests passed.
 295) FAIL:      Rd4 [ Rxd5+ ] (Time: 3159 ms)
 131 of 295 tests passed.
 296) FAIL:      Bd7 [ Rd4+ Rf8 ] (Time: 2644 ms)
 131 of 296 tests passed.
 297) FAIL:      Qg5 [ Bxg2 Bxh2+ ] (Time: 11206 ms)
 131 of 297 tests passed.
 298) FAIL:      Qd7 [ Qh8+ ] (Time: 1201 ms)
 131 of 298 tests passed.
 299) FAIL:     Nd5+ [ Nca4 ] (Time: 473 ms)
 131 of 299 tests passed.
 300) PASS:       g6 [ g6 ] (Time: 1970 ms)
 132 of 300 tests passed.
 301) FAIL:       g4 [ d6 ] (Time: 4335 ms)
 132 of 301 tests passed.
 302) PASS:      Bb4 [ Bb4 ] (Time: 2546 ms)
 133 of 302 tests passed.
 303) FAIL:      Qg2 [ Qc5 ] (Time: 5968 ms)
 133 of 303 tests passed.
 304) FAIL:     bxc4 [ e5 ] (Time: 688 ms)
 133 of 304 tests passed.
 305) FAIL:      Qg7 [ Bb5 ] (Time: 16933 ms)
 133 of 305 tests passed.
 306) FAIL:     Rxd4 [ e5 ] (Time: 6337 ms)
 133 of 306 tests passed.
 307) FAIL:      Rd1 [ Nd1 ] (Time: 2559 ms)
 133 of 307 tests passed.
 308) FAIL:       f4 [ Bh3 ] (Time: 1816 ms)
 133 of 308 tests passed.
 309) FAIL:      Re1 [ Qd4 ] (Time: 7546 ms)
 133 of 309 tests passed.
 310) FAIL:     Nxd4 [ Bf8 ] (Time: 2002 ms)
 133 of 310 tests passed.
 311) FAIL:     gxh5 [ h4 ] (Time: 861 ms)
 133 of 311 tests passed.
 312) FAIL:     Rxc3 [ Rb6 ] (Time: 16071 ms)
 133 of 312 tests passed.
 313) FAIL:      Qf6 [ Nxa2 ] (Time: 5212 ms)
 133 of 313 tests passed.
 314) FAIL:       a3 [ d5 ] (Time: 4137 ms)
 133 of 314 tests passed.
 315) FAIL:      Rf4 [ Nxd6 ] (Time: 1019 ms)
 133 of 315 tests passed.
 316) FAIL:    Nxf6+ [ Qxh7+ ] (Time: 2332 ms)
 133 of 316 tests passed.
 317) FAIL:     Bxb5 [ Qf3 ] (Time: 14250 ms)
 133 of 317 tests passed.
 318) FAIL:      Nf3 [ exf6 ] (Time: 2605 ms)
 133 of 318 tests passed.
 319) FAIL:      Bf5 [ Rxh7+ ] (Time: 2864 ms)
 133 of 319 tests passed.
 320) FAIL:     Qxe4 [ exf6 ] (Time: 6443 ms)
 133 of 320 tests passed.
 321) FAIL:      Qh5 [ Rxc3 ] (Time: 5521 ms)
 133 of 321 tests passed.
 322) FAIL:      Ra1 [ Nf6+ ] (Time: 5457 ms)
 133 of 322 tests passed.
 323) PASS:     Rxd2 [ Rxd2 ] (Time: 2233 ms)
 134 of 323 tests passed.
 324) FAIL:      Qh3 [ Bxh6 ] (Time: 3065 ms)
 134 of 324 tests passed.
 325) FAIL:      Qh4 [ Nxh7 ] (Time: 3506 ms)
 134 of 325 tests passed.
 326) FAIL:      Qg6 [ e5 ] (Time: 1957 ms)
 134 of 326 tests passed.
 327) PASS:       f6 [ f6 ] (Time: 32 ms)
 135 of 327 tests passed.
 328) FAIL:      Kf2 [ f5 ] (Time: 84 ms)
 135 of 328 tests passed.
 329) FAIL:      Kc7 [ Bxe4 ] (Time: 124 ms)
 135 of 329 tests passed.
 330) PASS:       h5 [ h3; am h5 ] (Time: 101 ms)
 136 of 330 tests passed.
 331) FAIL:      Nd3 [ a6 ] (Time: 496 ms)
 136 of 331 tests passed.
 332) PASS:       f4 [ f4 ] (Time: 684 ms)
 137 of 332 tests passed.
 333) FAIL:       a6 [ Bb4 ] (Time: 1111 ms)
 137 of 333 tests passed.
 334) FAIL:     Bxb6 [ c5 ] (Time: 68 ms)
 137 of 334 tests passed.
 335) FAIL:     fxg5 [ Kg4 ] (Time: 59 ms)
 137 of 335 tests passed.
 336) FAIL:      Ng5 [ Nf6+ ] (Time: 5749 ms)
 137 of 336 tests passed.
 337) FAIL:      Rc7 [ Nxd4 ] (Time: 17825 ms)
 137 of 337 tests passed.
 338) FAIL:      Qe3 [ Rd1 ] (Time: 6454 ms)
 137 of 338 tests passed.
 339) FAIL:       h3 [ Rxb2 ] (Time: 15660 ms)
 137 of 339 tests passed.
 340) FAIL:      Rb8 [ Qxc1 ] (Time: 13797 ms)
 137 of 340 tests passed.
 341) FAIL:      Rd8 [ Rxa2 ] (Time: 10955 ms)
 137 of 341 tests passed.
 342) FAIL:       e5 [ Bxe4 ] (Time: 7834 ms)
 137 of 342 tests passed.
 343) FAIL:      Nc8 [ h6 ] (Time: 4066 ms)
 137 of 343 tests passed.
 344) FAIL:      Rc1 [ Be2 ] (Time: 5811 ms)
 137 of 344 tests passed.
 345) FAIL:      Nf4 [ Nxc3 ] (Time: 7275 ms)
 137 of 345 tests passed.
 346) FAIL:      Rd2 [ Nf5 ] (Time: 1169 ms)
 137 of 346 tests passed.
 347) FAIL:      Rc8 [ Rd6 ] (Time: 6466 ms)
 137 of 347 tests passed.
 348) FAIL:      Be2 [ Nxd5 ] (Time: 1027 ms)
 137 of 348 tests passed.
 349) FAIL:      Bd2 [ Rxb2 ] (Time: 11896 ms)
 137 of 349 tests passed.
 350) FAIL:     Rad1 [ Bxf5 ] (Time: 2310 ms)
 137 of 350 tests passed.
 351) FAIL:      Ke3 [ b4 ] (Time: 40 ms)
 137 of 351 tests passed.
 352) PASS:       e5 [ e5 ] (Time: 2130 ms)
 138 of 352 tests passed.
 353) FAIL:      Re8 [ Qc8 ] (Time: 2725 ms)
 138 of 353 tests passed.
 354) FAIL:      Qb4 [ Qxd7 ] (Time: 1417 ms)
 138 of 354 tests passed.
 355) FAIL:      Bg2 [ Bg4 ] (Time: 205 ms)
 138 of 355 tests passed.
 356) PASS:     Kxb5 [ Kxb5 ] (Time: 86 ms)
 139 of 356 tests passed.
 357) FAIL:      Bg3 [ Ba7 ] (Time: 117 ms)
 139 of 357 tests passed.
 358) PASS:      Ba6 [ Ba6 ] (Time: 5071 ms)
 140 of 358 tests passed.
 359) PASS:     Bxc6 [ Bxc6 ] (Time: 204 ms)
 141 of 359 tests passed.
 360) FAIL:       d4 [ Bxd7 ] (Time: 85 ms)
 141 of 360 tests passed.
 361) FAIL:       b6 [ Qd1+ ] (Time: 5226 ms)
 141 of 361 tests passed.
 362) FAIL:       f5 [ d5 ] (Time: 497 ms)
 141 of 362 tests passed.
 363) FAIL:      Qb7 [ f5 ] (Time: 807 ms)
 141 of 363 tests passed.
 364) FAIL:      Nf3 [ e6 ] (Time: 3251 ms)
 141 of 364 tests passed.
 365) FAIL:      Qb6 [ Nd5 a4 ] (Time: 4804 ms)
 141 of 365 tests passed.
 366) FAIL:      Kg2 [ g6 ] (Time: 144 ms)
 141 of 366 tests passed.
 367) FAIL:     Bxe7 [ Nf6 ] (Time: 1945 ms)
 141 of 367 tests passed.
 368) FAIL:      Nc3 [ f5 ] (Time: 39 ms)
 141 of 368 tests passed.
 369) FAIL:      Bb5 [ f5 ] (Time: 862 ms)
 141 of 369 tests passed.
 370) FAIL:      Qb5 [ Ne5 ] (Time: 7186 ms)
 141 of 370 tests passed.
 371) PASS:       f4 [ f4 ] (Time: 2021 ms)
 142 of 371 tests passed.
 372) PASS:      Bf5 [ Bf5 ] (Time: 279 ms)
 143 of 372 tests passed.
 373) FAIL:      Bf4 [ b4 ] (Time: 1312 ms)
 143 of 373 tests passed.
 374) PASS:      Qd2 [ Qd2 Qe1 ] (Time: 9047 ms)
 144 of 374 tests passed.
 375) PASS:    Qxg7+ [ Qxg7+ ] (Time: 2491 ms)
 145 of 375 tests passed.
 376) FAIL:      Qh5 [ Ne4 ] (Time: 1541 ms)
 145 of 376 tests passed.
 377) FAIL:      Nc5 [ h5 ] (Time: 2253 ms)
 145 of 377 tests passed.
 378) FAIL:      Qb6 [ Nb3 ] (Time: 18662 ms)
 145 of 378 tests passed.
 379) FAIL:      Qb5 [ Rxe4 ] (Time: 13586 ms)
 145 of 379 tests passed.
 380) FAIL:      Qh5 [ g4 ] (Time: 1721 ms)
 145 of 380 tests passed.
 381) FAIL:      Qf3 [ Nh6 ] (Time: 2152 ms)
 145 of 381 tests passed.
 382) FAIL:       e5 [ Bxe4 ] (Time: 7839 ms)
 145 of 382 tests passed.
 383) FAIL:      Qa5 [ f6 ] (Time: 10274 ms)
 145 of 383 tests passed.
 384) FAIL:     bxc5 [ f4 ] (Time: 794 ms)
 145 of 384 tests passed.
