Tables transferred to the GPU! (Time: 108 ms)
-------------------
insert a command:
square: load a board in square format
fen: load a board in fen format
bm: generate the best move
bk: do bk tests
pb: print the board
q: quit
-------------------
Launching tests!
Impossible to find a valid move: Draw
   2) FAIL:      aA= [ Rxb2 ] (Time: 2 ms)
   0 of 1 tests passed.
Impossible to find a valid move: Draw
   3) FAIL:      aA= [ Rg3 ] (Time: 23 ms)
   0 of 2 tests passed.
Impossible to find a valid move: Draw
   5) FAIL:      aA= [ Qc4+ ] (Time: 13 ms)
   0 of 3 tests passed.
Impossible to find a valid move: Draw
   6) FAIL:      aA= [ Rb7 ] (Time: 1 ms)
   0 of 4 tests passed.
Impossible to find a valid move: Draw
   7) FAIL:      aA= [ Ne3 ] (Time: 6 ms)
   0 of 5 tests passed.
Impossible to find a valid move: Draw
   8) FAIL:      aA= [ Rf7 ] (Time: 17 ms)
   0 of 6 tests passed.
Impossible to find a valid move: Draw
   9) FAIL:      aA= [ Bh2+ ] (Time: 14 ms)
   0 of 7 tests passed.
Impossible to find a valid move: Draw
  10) FAIL:      aA= [ Rxh7 ] (Time: 27 ms)
   0 of 8 tests passed.
Impossible to find a valid move: Draw
  11) FAIL:      aA= [ Bxc6 ] (Time: 18 ms)
   0 of 9 tests passed.
Impossible to find a valid move: Draw
  12) FAIL:      aA= [ Qxf3+ ] (Time: 7 ms)
   0 of 10 tests passed.
Impossible to find a valid move: Draw
  13) FAIL:      aA= [ Qxf8+ ] (Time: 18 ms)
   0 of 11 tests passed.
Impossible to find a valid move: Draw
  14) FAIL:      aA= [ Qxh7+ ] (Time: 41 ms)
   0 of 12 tests passed.
Impossible to find a valid move: Draw
  15) FAIL:      aA= [ Rxb7 ] (Time: 4 ms)
   0 of 13 tests passed.
