Tables transferred to the GPU! (Time: 106 ms)
-------------------
insert a command:
square: load a board in square format
fen: load a board in fen format
bm: generate the best move
bk: do bk tests
pb: print the board
q: quit
-------------------
Launching tests!
   2) FAIL:      Rb7 [ Rxb2 ] (Time: 24 ms)
   0 of 1 tests passed.
   3) PASS:      Rg3 [ Rg3 ] (Time: 306 ms)
   1 of 2 tests passed.
   5) PASS:     Qc4+ [ Qc4+ ] (Time: 103 ms)
   2 of 3 tests passed.
   6) FAIL:     Kxg5 [ Rb7 ] (Time: 9 ms)
   2 of 4 tests passed.
   7) FAIL:     Nxe5 [ Ne3 ] (Time: 89 ms)
   2 of 5 tests passed.
   8) PASS:      Rf7 [ Rf7 ] (Time: 119 ms)
   3 of 6 tests passed.
   9) PASS:     Bh2+ [ Bh2+ ] (Time: 196 ms)
   4 of 7 tests passed.
  10) PASS:     Rxh7 [ Rxh7 ] (Time: 263 ms)
   5 of 8 tests passed.
  11) PASS:     Bxc6 [ Bxc6 ] (Time: 283 ms)
   6 of 9 tests passed.
  12) PASS:    Qxf3+ [ Qxf3+ ] (Time: 93 ms)
   7 of 10 tests passed.
  13) FAIL:      Qg1 [ Qxf8+ ] (Time: 218 ms)
   7 of 11 tests passed.
  14) FAIL:      Bb5 [ Qxh7+ ] (Time: 336 ms)
   7 of 12 tests passed.
  15) FAIL:      Rg8 [ Rxb7 ] (Time: 42 ms)
   7 of 13 tests passed.
