-------------------
insert a command:
square: load a board in square format
fen: load a board in fen format
bm: generate the best move
bk: do bk tests
pb: print the board
q: quit
-------------------
Launching tests!
   1) PASS:      Qg6 [ Qg6 ] (Time: 1273191 ms)
   1 of 1 tests passed.
   2) FAIL:      Rb5 [ Rxb2 ] (Time: 2194 ms)
   1 of 2 tests passed.
   3) PASS:      Rg3 [ Rg3 ] (Time: 40334 ms)
   2 of 3 tests passed.
   4) PASS:    Qxh7+ [ Qxh7+ ] (Time: 537720 ms)
   3 of 4 tests passed.
   5) PASS:     Qc4+ [ Qc4+ ] (Time: 21843 ms)
   4 of 5 tests passed.
   6) PASS:      Rb7 [ Rb7 ] (Time: 2016 ms)
   5 of 6 tests passed.
   7) PASS:      Ne3 [ Ne3 ] (Time: 15659 ms)
   6 of 7 tests passed.
   8) PASS:      Rf7 [ Rf7 ] (Time: 142638 ms)
   7 of 8 tests passed.
   9) FAIL:      Qb6 [ Bh2+ ] (Time: 301295 ms)
   7 of 9 tests passed.
  10) PASS:     Rxh7 [ Rxh7 ] (Time: 128817 ms)
   8 of 10 tests passed.
  11) PASS:     Bxc6 [ Bxc6 ] (Time: 109960 ms)
   9 of 11 tests passed.
  12) PASS:    Qxf3+ [ Qxf3+ ] (Time: 16942 ms)
  10 of 12 tests passed.
  13) PASS:    Qxf8+ [ Qxf8+ ] (Time: 191645 ms)
  11 of 13 tests passed.
  14) PASS:    Qxh7+ [ Qxh7+ ] (Time: 896298 ms)
  12 of 14 tests passed.
  15) FAIL:      c6+ [ Rxb7 ] (Time: 16845 ms)
  12 of 15 tests passed.
  16) PASS:      Nc3 [ Nc3 ] (Time: 59940 ms)
  13 of 16 tests passed.
  17) FAIL:       b6 [ Ne5 ] (Time: 303943 ms)
  13 of 17 tests passed.
  18) FAIL:      Kh1 [ Rh8 ] (Time: 526 ms)
  13 of 18 tests passed.
  19) PASS:       c6 [ c6 ] (Time: 286828 ms)
  14 of 19 tests passed.
  20) PASS:      Bb5 [ Bb5 ] (Time: 96853 ms)
  15 of 20 tests passed.
  21) FAIL:     Qxc3 [ Qh6 ] (Time: 53641 ms)
  15 of 21 tests passed.
  22) PASS:     Nxf7 [ Ba2 Nxf7 ] (Time: 298112 ms)
  16 of 22 tests passed.
  23) PASS:       g4 [ g4 ] (Time: 297675 ms)
  17 of 23 tests passed.
  24) PASS:      Bd4 [ Bd4 ] (Time: 35595 ms)
  18 of 24 tests passed.
  25) PASS:     Qh4+ [ Qh4+ ] (Time: 1501 ms)
  19 of 25 tests passed.
  26) PASS:      Bf5 [ Bf5 ] (Time: 80277 ms)
  20 of 26 tests passed.
  27) PASS:     Qf8+ [ Qf8+ ] (Time: 66915 ms)
  21 of 27 tests passed.
  28) PASS:     Qe1+ [ Qe1+ ] (Time: 31233 ms)
  22 of 28 tests passed.
  29) PASS:       c6 [ c6 ] (Time: 829044 ms)
  23 of 29 tests passed.
  30) PASS:     Nxd6 [ Nxd6 ] (Time: 176494 ms)
  24 of 30 tests passed.
  31) PASS:     dxe6 [ Qxa8 d6 dxe6 g3 ] (Time: 520674 ms)
  25 of 31 tests passed.
  32) PASS:     Qd8+ [ Qd8+ ] (Time: 6537 ms)
  26 of 32 tests passed.
  33) PASS:     Qe5+ [ Qe5+ Qf4 ] (Time: 25923 ms)
  27 of 33 tests passed.
  34) PASS:      Bg1 [ Bg1 ] (Time: 1224520 ms)
  28 of 34 tests passed.
  35) PASS:    Rxh7+ [ Rxh7+ ] (Time: 394077 ms)
  29 of 35 tests passed.
  36) PASS:     Re1+ [ Re1+ ] (Time: 85012 ms)
  30 of 36 tests passed.
  37) PASS:    Nxd4+ [ Nxd4+ ] (Time: 15759 ms)
  31 of 37 tests passed.
  38) PASS:     Rd8+ [ Qd3 Rd8+ ] (Time: 14043 ms)
  32 of 38 tests passed.
  39) PASS:      Na4 [ Na4 ] (Time: 30358 ms)
  33 of 39 tests passed.
  40) PASS:      Rc8 [ Rc8 ] (Time: 329102 ms)
  34 of 40 tests passed.
  41) FAIL:     Rf8+ [ Ka5 Kc5 b7 ] (Time: 517 ms)
  34 of 41 tests passed.
  42) PASS:      Ba5 [ Ba5 ] (Time: 97018 ms)
  35 of 42 tests passed.
  43) PASS:     Qxa8 [ Be7 Qxa8 ] (Time: 75167 ms)
  36 of 43 tests passed.
  44) PASS:     dxc4 [ dxc4 ] (Time: 245938 ms)
  37 of 44 tests passed.
  45) PASS:     Qxa1 [ Qxa1 ] (Time: 13956 ms)
  38 of 45 tests passed.
  46) FAIL:      Qa4 [ Nb5 ] (Time: 274566 ms)
  38 of 46 tests passed.
  47) PASS:     Nxd4 [ Nxd4 ] (Time: 44769 ms)
  39 of 47 tests passed.
  48) PASS:      Rb4 [ Rb4 ] (Time: 489488 ms)
  40 of 48 tests passed.
  49) FAIL:      Qh6 [ Qxh7+ ] (Time: 151160 ms)
  40 of 49 tests passed.
  50) PASS:    Rxb6+ [ Rxb6+ ] (Time: 16531 ms)
  41 of 50 tests passed.
  51) PASS:     Rg4+ [ Rg4+ ] (Time: 117950 ms)
  42 of 51 tests passed.
  52) PASS:      Re7 [ Re7 c4 ] (Time: 105484 ms)
  43 of 52 tests passed.
  53) PASS:      Re1 [ Re1 ] (Time: 68684 ms)
  44 of 53 tests passed.
  54) PASS:     Qh1+ [ Qh1+ ] (Time: 82510 ms)
  45 of 54 tests passed.
  55) FAIL:       c4 [ Qxg7+ ] (Time: 971008 ms)
  45 of 55 tests passed.
  56) PASS:    Bxf2+ [ Bxf2+ ] (Time: 42229 ms)
  46 of 56 tests passed.
  57) PASS:     Rf8+ [ Rf8+ ] (Time: 2975 ms)
  47 of 57 tests passed.
  58) FAIL:     Qf3+ [ Qd1+ ] (Time: 4667 ms)
  47 of 58 tests passed.
  59) PASS:      Nd5 [ Nd5 ] (Time: 1320440 ms)
  48 of 59 tests passed.
  60) PASS:     Qh8+ [ Qh8+ ] (Time: 34684 ms)
  49 of 60 tests passed.
  61) PASS:     Qf7+ [ Qf7+ ] (Time: 76109 ms)
  50 of 61 tests passed.
  62) PASS:    Rxg3+ [ Rxg3+ ] (Time: 183464 ms)
  51 of 62 tests passed.
  63) PASS:     Nxf7 [ Nxf7 ] (Time: 581193 ms)
  52 of 63 tests passed.
  64) PASS:      g4+ [ g4+ ] (Time: 9911 ms)
  53 of 64 tests passed.
  65) PASS:     Ne7+ [ Ne7+ ] (Time: 74906 ms)
  54 of 65 tests passed.
  66) PASS:     Qxe5 [ Qxe5 ] (Time: 178395 ms)
  55 of 66 tests passed.
  67) PASS:     Rxd5 [ Rxd5 ] (Time: 13601 ms)
  56 of 67 tests passed.
  68) PASS:     Qxe3 [ Qxe3 ] (Time: 54299 ms)
  57 of 68 tests passed.
  69) PASS:       f3 [ f3 h3 ] (Time: 46487 ms)
  58 of 69 tests passed.
  70) PASS:     Na2+ [ Na2+ ] (Time: 44429 ms)
  59 of 70 tests passed.
  71) FAIL:      Qh4 [ Nxa7+ ] (Time: 1176897 ms)
  59 of 71 tests passed.
  72) PASS:       e6 [ e6 ] (Time: 174636 ms)
  60 of 72 tests passed.
  73) PASS:      Qd2 [ Qd2 ] (Time: 561978 ms)
  61 of 73 tests passed.
  74) FAIL:     Qxe4 [ Qf1+ ] (Time: 12070 ms)
  61 of 74 tests passed.
  75) PASS:      Qd6 [ Qd6 ] (Time: 311107 ms)
  62 of 75 tests passed.
  76) PASS:     Bxf6 [ Bxf6 ] (Time: 274003 ms)
  63 of 76 tests passed.
  77) PASS:      Ng3 [ Ng3 ] (Time: 84645 ms)
  64 of 77 tests passed.
  78) PASS:     Ng5+ [ Ng5+ ] (Time: 230348 ms)
  65 of 78 tests passed.
  79) PASS:    Qxh2+ [ Qxh2+ ] (Time: 66053 ms)
  66 of 79 tests passed.
  80) FAIL:       f4 [ Ra1 ] (Time: 335994 ms)
  66 of 80 tests passed.
  81) PASS:      Bd6 [ Bd6 ] (Time: 857504 ms)
  67 of 81 tests passed.
  82) PASS:     Bh7+ [ Bh7+ ] (Time: 17318 ms)
  68 of 82 tests passed.
  83) PASS:     Qxd7 [ Qxd7 ] (Time: 677506 ms)
  69 of 83 tests passed.
  84) PASS:     Qg8+ [ Qg8+ ] (Time: 1048248 ms)
  70 of 84 tests passed.
  85) PASS:      Na6 [ Na6 ] (Time: 1147731 ms)
  71 of 85 tests passed.
  86) FAIL:       c5 [ Ng4+ ] (Time: 966 ms)
  71 of 86 tests passed.
  87) FAIL:     cxd4 [ Rxe5 ] (Time: 3225 ms)
  71 of 87 tests passed.
  88) PASS:    Rxg2+ [ Rxg2+ ] (Time: 278072 ms)
  72 of 88 tests passed.
  89) PASS:       g5 [ g5 ] (Time: 110984 ms)
  73 of 89 tests passed.
  90) FAIL:      Bh4 [ Nxg7 ] (Time: 554000 ms)
  73 of 90 tests passed.
  91) FAIL:      Nc2 [ Be6 ] (Time: 35774 ms)
  73 of 91 tests passed.
  92) PASS:     Bxg4 [ Bxg4 ] (Time: 310071 ms)
  74 of 92 tests passed.
  93) PASS:      Bh6 [ Bh6 ] (Time: 54496 ms)
  75 of 93 tests passed.
  94) PASS:      e4+ [ e4+ ] (Time: 3381 ms)
  76 of 94 tests passed.
  95) PASS:     Ng4+ [ Ng4+ ] (Time: 916 ms)
  77 of 95 tests passed.
  96) PASS:     Qd8+ [ Qd8+ b3 ] (Time: 5972 ms)
  78 of 96 tests passed.
  97) PASS:     Qa8+ [ Qa8+ ] (Time: 2595 ms)
  79 of 97 tests passed.
  98) PASS:     Nxe4 [ Nxe4 ] (Time: 180541 ms)
  80 of 98 tests passed.
  99) PASS:      Rh5 [ Rh5 ] (Time: 436338 ms)
  81 of 99 tests passed.
 100) PASS:      Be3 [ Be3 b6+ ] (Time: 84 ms)
  82 of 100 tests passed.
 101) FAIL:      Rf2 [ Bc3 ] (Time: 13645 ms)
  82 of 101 tests passed.
 102) PASS:    Qxf8+ [ Qxf8+ ] (Time: 464112 ms)
  83 of 102 tests passed.
 103) FAIL:    Rxg6+ [ Qxg6+ ] (Time: 33806 ms)
  83 of 103 tests passed.
 104) PASS:     Qxh5 [ Qxh5 ] (Time: 79169 ms)
  84 of 104 tests passed.
 105) PASS:     Qxh4 [ Bxg3 Qxh4 ] (Time: 224851 ms)
  85 of 105 tests passed.
 106) PASS:     Nf2+ [ Nf2+ ] (Time: 39764 ms)
  86 of 106 tests passed.
 107) PASS:      Nb5 [ Nb5 ] (Time: 11325 ms)
  87 of 107 tests passed.
 108) PASS:      Qe5 [ Qe5 ] (Time: 411930 ms)
  88 of 108 tests passed.
 109) PASS:       c3 [ c3 ] (Time: 406545 ms)
  89 of 109 tests passed.
 110) PASS:      Be3 [ Be3 ] (Time: 129808 ms)
  90 of 110 tests passed.
 111) FAIL:     Qd1+ [ Qf1+ ] (Time: 5899 ms)
  90 of 111 tests passed.
 112) PASS:     Rxe6 [ Rxe6 ] (Time: 409313 ms)
  91 of 112 tests passed.
 113) PASS:     Qxf6 [ Qxf6 ] (Time: 24971 ms)
  92 of 113 tests passed.
 114) PASS:    Bxh7+ [ Bxh7+ ] (Time: 117169 ms)
  93 of 114 tests passed.
 115) PASS:      Nd6 [ Nd6 ] (Time: 24442 ms)
  94 of 115 tests passed.
 116) FAIL:      Nh3 [ Rd2 ] (Time: 149900 ms)
  94 of 116 tests passed.
 117) PASS:      Ne4 [ Ne4 ] (Time: 206762 ms)
  95 of 117 tests passed.
 118) FAIL:      Kg1 [ Rh4 ] (Time: 136115 ms)
  95 of 118 tests passed.
 119) FAIL:     Nf2+ [ Qxd3 ] (Time: 282237 ms)
  95 of 119 tests passed.
 120) PASS:       g6 [ Rhg1 g6 ] (Time: 319079 ms)
  96 of 120 tests passed.
 121) PASS:    Bxf3+ [ Bxf3+ ] (Time: 28448 ms)
  97 of 121 tests passed.
 122) PASS:    Rxf1+ [ Rxf1+ ] (Time: 50663 ms)
  98 of 122 tests passed.
 123) PASS:     Bxd5 [ Bxd5 Rc7 Re6 ] (Time: 42209 ms)
  99 of 123 tests passed.
 124) FAIL:      Kg7 [ g3 ] (Time: 29789 ms)
  99 of 124 tests passed.
 125) FAIL:      Nf4 [ Bxd4+ ] (Time: 114794 ms)
  99 of 125 tests passed.
 126) PASS:    Rxc6+ [ Rxc6+ ] (Time: 4331 ms)
 100 of 126 tests passed.
 127) PASS:     Rxb7 [ Rxb7 ] (Time: 92906 ms)
 101 of 127 tests passed.
 128) PASS:      Qg6 [ Qg6 ] (Time: 401978 ms)
 102 of 128 tests passed.
 129) PASS:      Bf3 [ Bf3 ] (Time: 70792 ms)
 103 of 129 tests passed.
 130) PASS:      Qh6 [ Qh6 Qh8 ] (Time: 103324 ms)
 104 of 130 tests passed.
 131) PASS:      Re8 [ Re8 ] (Time: 837475 ms)
 105 of 131 tests passed.
 132) PASS:      Re1 [ Re1 ] (Time: 2361 ms)
 106 of 132 tests passed.
 133) PASS:      Bh4 [ Bh4 ] (Time: 115908 ms)
 107 of 133 tests passed.
 134) PASS:     Rd1+ [ Rd1+ ] (Time: 171621 ms)
 108 of 134 tests passed.
 135) FAIL:      Ng5 [ Nd4 ] (Time: 221272 ms)
 108 of 135 tests passed.
 136) PASS:     Rc8+ [ Rc8+ ] (Time: 127172 ms)
 109 of 136 tests passed.
 137) PASS:      Rd7 [ Rd7 ] (Time: 1561153 ms)
 110 of 137 tests passed.
 138) FAIL:      Re5 [ h5 ] (Time: 765664 ms)
 110 of 138 tests passed.
 139) FAIL:      Qe7 [ Nf6+ ] (Time: 167483 ms)
 110 of 139 tests passed.
 140) PASS:      Rc7 [ Bc7 Rc7 ] (Time: 897329 ms)
 111 of 140 tests passed.
 141) FAIL:      Kf1 [ Qxf4 ] (Time: 16168 ms)
 111 of 141 tests passed.
 142) PASS:      f6+ [ Re8 f6+ ] (Time: 179920 ms)
 112 of 142 tests passed.
 143) PASS:    Rxh6+ [ Rxh6+ ] (Time: 27889 ms)
 113 of 143 tests passed.
 144) PASS:       d3 [ d3 ] (Time: 30759 ms)
 114 of 144 tests passed.
 145) FAIL:     Rxf5 [ Re8 ] (Time: 1393060 ms)
 114 of 145 tests passed.
 146) PASS:      Bd3 [ Bc8 Bd3 Bh3 ] (Time: 209 ms)
 115 of 146 tests passed.
 147) PASS:     Nxg4 [ Nxg4 ] (Time: 458866 ms)
 116 of 147 tests passed.
 148) PASS:     Rxg7 [ Rxg7 ] (Time: 599058 ms)
 117 of 148 tests passed.
 149) PASS:     Bxg2 [ Bxg2 ] (Time: 19389 ms)
 118 of 149 tests passed.
 150) FAIL:      Bb4 [ Ba3 Be5 Bf8 e3 ] (Time: 405558 ms)
 118 of 150 tests passed.
 151) PASS:      Nc3 [ Nc3 ] (Time: 57934 ms)
 119 of 151 tests passed.
 152) PASS:      Ne4 [ Ne4 ] (Time: 363804 ms)
 120 of 152 tests passed.
 153) FAIL:      Qc7 [ Nxd4 ] (Time: 246484 ms)
 120 of 153 tests passed.
 154) PASS:    Qxf7+ [ Qxf7+ ] (Time: 1334 ms)
 121 of 154 tests passed.
 155) PASS:       d6 [ d6 ] (Time: 134208 ms)
 122 of 155 tests passed.
 156) PASS:    Qxh6+ [ Qxh6+ ] (Time: 350174 ms)
 123 of 156 tests passed.
 157) PASS:     Ne7+ [ Ne7+ ] (Time: 11340 ms)
 124 of 157 tests passed.
 158) PASS:    Rxg7+ [ Rxg7+ ] (Time: 124461 ms)
 125 of 158 tests passed.
 159) PASS:     Ne6+ [ Ne6+ ] (Time: 76623 ms)
 126 of 159 tests passed.
 160) PASS:    Qxd7+ [ Qxd7+ ] (Time: 58895 ms)
 127 of 160 tests passed.
 161) FAIL:      Qg4 [ Qxd8+ ] (Time: 1369235 ms)
 127 of 161 tests passed.
 162) PASS:      Bd5 [ Bd5 ] (Time: 108255 ms)
 128 of 162 tests passed.
 163) FAIL:     cxd5 [ Qg2+ ] (Time: 66250 ms)
 128 of 163 tests passed.
 164) PASS:    Rxc4+ [ Rxc4+ ] (Time: 11550 ms)
 129 of 164 tests passed.
 165) PASS:      Re2 [ Re2 ] (Time: 10762 ms)
 130 of 165 tests passed.
 166) PASS:       d4 [ d4 ] (Time: 27839 ms)
 131 of 166 tests passed.
 167) FAIL:      Qf8 [ Rxg2+ ] (Time: 39919 ms)
 131 of 167 tests passed.
 168) FAIL:      Qa4 [ Qd2+ ] (Time: 109969 ms)
 131 of 168 tests passed.
 169) FAIL:      Rd8 [ Bh6 ] (Time: 90696 ms)
 131 of 169 tests passed.
 170) PASS:     Qxc4 [ Qxc4 ] (Time: 6691 ms)
 132 of 170 tests passed.
 171) PASS:     Bh6+ [ Bh6+ ] (Time: 351661 ms)
 133 of 171 tests passed.
 172) PASS:     Qe1+ [ Qe1+ ] (Time: 27494 ms)
 134 of 172 tests passed.
 173) PASS:     Qh6+ [ Qh6+ ] (Time: 1358639 ms)
 135 of 173 tests passed.
 174) PASS:     Nxg2 [ Nxg2 ] (Time: 316550 ms)
 136 of 174 tests passed.
 175) PASS:      Nh5 [ Nh5 ] (Time: 103864 ms)
 137 of 175 tests passed.
 176) FAIL:      Qd7 [ Rxh2+ ] (Time: 116027 ms)
 137 of 176 tests passed.
 177) PASS:     Qa3+ [ Qa3+ ] (Time: 74039 ms)
 138 of 177 tests passed.
 178) FAIL:    Qxh7+ [ Nxe6 ] (Time: 80951 ms)
 138 of 178 tests passed.
 179) PASS:     Qg1+ [ Qg1+ ] (Time: 87453 ms)
 139 of 179 tests passed.
 180) PASS:     Nxd5 [ Nxd5 ] (Time: 86018 ms)
 140 of 180 tests passed.
 181) PASS:      Ng4 [ Ng4 ] (Time: 44734 ms)
 141 of 181 tests passed.
 182) PASS:      Qh5 [ Qh5 ] (Time: 1299539 ms)
 142 of 182 tests passed.
 183) FAIL:      Bf4 [ Bf6 ] (Time: 315433 ms)
 142 of 183 tests passed.
 184) PASS:     Qe7+ [ Qe7+ ] (Time: 82171 ms)
 143 of 184 tests passed.
 185) FAIL:      Qd1 [ Qxh7+ ] (Time: 106714 ms)
 143 of 185 tests passed.
 186) PASS:     Bf8+ [ Bf8+ ] (Time: 152854 ms)
 144 of 186 tests passed.
 187) FAIL:     Qxe4 [ Nh3+ ] (Time: 129789 ms)
 144 of 187 tests passed.
 188) PASS:     Qg7+ [ Qg7+ ] (Time: 736179 ms)
 145 of 188 tests passed.
 189) FAIL:      Ng2 [ Re8+ ] (Time: 38896 ms)
 145 of 189 tests passed.
 190) FAIL:     Nf2+ [ Bh3 ] (Time: 3728 ms)
 145 of 190 tests passed.
 191) PASS:      Qc4 [ Qc4 ] (Time: 1095075 ms)
 146 of 191 tests passed.
 192) PASS:     Nd3+ [ Nd3+ ] (Time: 134861 ms)
 147 of 192 tests passed.
 193) FAIL:      Qe6 [ Qxe3 ] (Time: 322551 ms)
 147 of 193 tests passed.
 194) FAIL:      Qa3 [ Nh6+ ] (Time: 134940 ms)
 147 of 194 tests passed.
 195) PASS:       g3 [ g3 ] (Time: 646304 ms)
 148 of 195 tests passed.
 196) PASS:      Nb4 [ Nb4 ] (Time: 340625 ms)
 149 of 196 tests passed.
 197) PASS:     Qf1+ [ Qf1+ ] (Time: 904 ms)
 150 of 197 tests passed.
 198) PASS:      Rd3 [ Rd3 ] (Time: 137526 ms)
 151 of 198 tests passed.
 199) PASS:     Rfd1 [ Bxc6 Rcd1 Rfd1 ] (Time: 428723 ms)
 152 of 199 tests passed.
 200) PASS:     Bxf6 [ Bxf6 ] (Time: 679307 ms)
 153 of 200 tests passed.
 201) PASS:      Ra7 [ Ra7 ] (Time: 246515 ms)
 154 of 201 tests passed.
 202) FAIL:     Rxb8 [ Rxa2 ] (Time: 224749 ms)
 154 of 202 tests passed.
 203) PASS:      Qh6 [ Qh6 ] (Time: 170236 ms)
 155 of 203 tests passed.
 204) PASS:     Rxe5 [ Rxe5 ] (Time: 236929 ms)
 156 of 204 tests passed.
 205) PASS:     Qxg5 [ Qxg5 ] (Time: 527744 ms)
 157 of 205 tests passed.
 206) PASS:      Rc6 [ Rc6 ] (Time: 85896 ms)
 158 of 206 tests passed.
 207) FAIL:       f4 [ Qxg7+ ] (Time: 367659 ms)
 158 of 207 tests passed.
 208) FAIL:       b4 [ Bf7+ ] (Time: 253911 ms)
 158 of 208 tests passed.
 209) FAIL:     axb5 [ Rxe5+ ] (Time: 59525 ms)
 158 of 209 tests passed.
 210) FAIL:      Bd3 [ Rh1 ] (Time: 131217 ms)
 158 of 210 tests passed.
 211) FAIL:     Qxh7 [ Qxf7+ ] (Time: 29840 ms)
 158 of 211 tests passed.
 212) FAIL:      Qh5 [ Qxg7+ ] (Time: 256552 ms)
 158 of 212 tests passed.
 213) FAIL:      Qb2 [ Rxh7+ ] (Time: 227687 ms)
 158 of 213 tests passed.
 214) FAIL:      Ra1 [ Ng5 ] (Time: 899705 ms)
 158 of 214 tests passed.
 215) PASS:     Qh7+ [ Qh7+ ] (Time: 38000 ms)
 159 of 215 tests passed.
 216) PASS:     Nxf7 [ Nxf7 a4 ] (Time: 1155984 ms)
 160 of 216 tests passed.
 217) FAIL:      Ng5 [ Qd7+ ] (Time: 1747511 ms)
 160 of 217 tests passed.
 218) PASS:      Bh6 [ Bh6 ] (Time: 611533 ms)
 161 of 218 tests passed.
 219) PASS:     Qf1+ [ Qf1+ ] (Time: 1658 ms)
 162 of 219 tests passed.
 220) FAIL:      Ng5 [ Qxf1+ ] (Time: 266714 ms)
 162 of 220 tests passed.
 221) PASS:     Rd8+ [ Rd8+ ] (Time: 5178 ms)
 163 of 221 tests passed.
 222) FAIL:     bxa3 [ Bf6 ] (Time: 175617 ms)
 163 of 222 tests passed.
 223) FAIL:      Be5 [ Nxe4 ] (Time: 658445 ms)
 163 of 223 tests passed.
 224) FAIL:     exf4 [ Rh6 e4 ] (Time: 544909 ms)
 163 of 224 tests passed.
 225) PASS:     Qh4+ [ Qh4+ ] (Time: 443883 ms)
 164 of 225 tests passed.
 226) FAIL:      Rd8 [ Nf7 ] (Time: 1435994 ms)
 164 of 226 tests passed.
 227) PASS:       d5 [ d5 ] (Time: 790990 ms)
 165 of 227 tests passed.
 228) PASS:     Bxe4 [ Bxe4 ] (Time: 504227 ms)
 166 of 228 tests passed.
 229) FAIL:      Rh7 [ Rxh4 b4 ] (Time: 1515 ms)
 166 of 229 tests passed.
 230) FAIL:      Rf7 [ Rb4 ] (Time: 689 ms)
 166 of 230 tests passed.
 231) FAIL:     Rxd7 [ Bg5 ] (Time: 263561 ms)
 166 of 231 tests passed.
 232) FAIL:     R8b7 [ Qb5 Rxe8 ] (Time: 374752 ms)
 166 of 232 tests passed.
 233) FAIL:       c5 [ Nb3 ] (Time: 75997 ms)
 166 of 233 tests passed.
 234) PASS:      Rb3 [ Rb3 ] (Time: 305864 ms)
 167 of 234 tests passed.
 235) PASS:    Rxf7+ [ Qe4 Qxf7+ Rxf7+ ] (Time: 190474 ms)
 168 of 235 tests passed.
 236) FAIL:    Bxh3+ [ Rc1 ] (Time: 29136 ms)
 168 of 236 tests passed.
 237) PASS:     Rc1+ [ Rc1+ ] (Time: 279864 ms)
 169 of 237 tests passed.
 238) PASS:     Bxb7 [ Bxb7 ] (Time: 26489 ms)
 170 of 238 tests passed.
 239) PASS:     Qf1+ [ Qf1+ ] (Time: 6919 ms)
 171 of 239 tests passed.
 240) FAIL:      Qd2 [ Qxc6 ] (Time: 138168 ms)
 171 of 240 tests passed.
 241) FAIL:     Nxf7 [ Qxh7+ ] (Time: 354688 ms)
 171 of 241 tests passed.
 242) FAIL:      Nd6 [ Rxd7 ] (Time: 366181 ms)
 171 of 242 tests passed.
 243) PASS:      Qe2 [ Qe2 ] (Time: 155614 ms)
 172 of 243 tests passed.
 244) FAIL:      Qd2 [ Qxc5+ ] (Time: 38239 ms)
 172 of 244 tests passed.
 245) FAIL:      Nb5 [ Qxg6+ ] (Time: 239615 ms)
 172 of 245 tests passed.
 246) PASS:     Qh5+ [ Qh5+ ] (Time: 166940 ms)
 173 of 246 tests passed.
 247) FAIL:     Qc5+ [ Rxb5 ] (Time: 12909 ms)
 173 of 247 tests passed.
 248) PASS:     Qc5+ [ Qc5+ ] (Time: 47911 ms)
 174 of 248 tests passed.
 249) PASS:       d5 [ c5 d5 ] (Time: 33119 ms)
 175 of 249 tests passed.
 250) FAIL:      Re1 [ Re8+ ] (Time: 33929 ms)
 175 of 250 tests passed.
 251) FAIL:     Qh8+ [ Qe5 Qf4 ] (Time: 21378 ms)
 175 of 251 tests passed.
 252) FAIL:     Nxd5 [ Bg4 Re2 ] (Time: 57351 ms)
 175 of 252 tests passed.
 253) FAIL:      c7+ [ Qe8+ ] (Time: 1155 ms)
 175 of 253 tests passed.
 254) FAIL:     Rxg3 [ Nxh3 ] (Time: 365422 ms)
 175 of 254 tests passed.
 255) PASS:   Rfxg6+ [ Rfxg6+ ] (Time: 651907 ms)
 176 of 255 tests passed.
 256) FAIL:      Qg4 [ Nf5 ] (Time: 46624 ms)
 176 of 256 tests passed.
 257) FAIL:      Ng5 [ Rxd4 ] (Time: 80044 ms)
 176 of 257 tests passed.
 258) FAIL:      Kg1 [ Bxg6 ] (Time: 72219 ms)
 176 of 258 tests passed.
 259) PASS:      Qh5 [ Qh5 ] (Time: 97078 ms)
 177 of 259 tests passed.
 260) FAIL:      Nc4 [ Qe6+ ] (Time: 257509 ms)
 177 of 260 tests passed.
 261) FAIL:    Qxg2+ [ Nd4 ] (Time: 68193 ms)
 177 of 261 tests passed.
 262) FAIL:      Bg5 [ Rh6 ] (Time: 564192 ms)
 177 of 262 tests passed.
 263) FAIL:      Qh5 [ Qg8+ ] (Time: 809410 ms)
 177 of 263 tests passed.
 264) PASS:      Qe5 [ Qe5 Rab8 ] (Time: 346573 ms)
 178 of 264 tests passed.
 265) FAIL:     Qxe4 [ exf6 ] (Time: 55971 ms)
 178 of 265 tests passed.
 266) FAIL:      Bg3 [ Rxh2+ ] (Time: 403560 ms)
 178 of 266 tests passed.
 267) PASS:     Nc7+ [ Nc7+ ] (Time: 478336 ms)
 179 of 267 tests passed.
 268) PASS:     Re8+ [ Re8+ ] (Time: 241621 ms)
 180 of 268 tests passed.
 269) FAIL:      Bd2 [ axb4 ] (Time: 57874 ms)
 180 of 269 tests passed.
 270) PASS:      Qg4 [ Qg4 ] (Time: 528206 ms)
 181 of 270 tests passed.
 271) PASS:      Rd6 [ Rd6 ] (Time: 2113 ms)
 182 of 271 tests passed.
 272) FAIL:       g4 [ Bxc5 ] (Time: 122542 ms)
 182 of 272 tests passed.
 273) PASS:     Ng3+ [ Ng3+ g3 ] (Time: 80083 ms)
 183 of 273 tests passed.
 274) PASS:     Rg5+ [ Rb6 Rg5+ ] (Time: 197 ms)
 184 of 274 tests passed.
 275) FAIL:      Qg6 [ Nc5 Nxg2 b5 ] (Time: 155623 ms)
 184 of 275 tests passed.
 276) PASS:     Qd5+ [ Qd5+ ] (Time: 57058 ms)
 185 of 276 tests passed.
 277) FAIL:     Rbc8 [ R