-------------------
insert a command:
square: load a board in square format
fen: load a board in fen format
bm: generate the best move
bk: do bk tests
pb: print the board
q: quit
-------------------
Launching tests!
   1) PASS:      Qg6 [ Qg6 ] (Time: 133256 ms)
   1 of 1 tests passed.
   2) FAIL:       c3 [ Rxb2 ] (Time: 468 ms)
   1 of 2 tests passed.
   3) PASS:      Rg3 [ Rg3 ] (Time: 2285 ms)
   2 of 3 tests passed.
   4) PASS:    Qxh7+ [ Qxh7+ ] (Time: 19116 ms)
   3 of 4 tests passed.
   5) PASS:     Qc4+ [ Qc4+ ] (Time: 1222 ms)
   4 of 5 tests passed.
   6) PASS:      Rb7 [ Rb7 ] (Time: 203 ms)
   5 of 6 tests passed.
   7) PASS:      Ne3 [ Ne3 ] (Time: 932 ms)
   6 of 7 tests passed.
   8) PASS:      Rf7 [ Rf7 ] (Time: 8043 ms)
   7 of 8 tests passed.
   9) PASS:     Bh2+ [ Bh2+ ] (Time: 42285 ms)
   8 of 9 tests passed.
  10) PASS:     Rxh7 [ Rxh7 ] (Time: 7162 ms)
   9 of 10 tests passed.
  11) PASS:     Bxc6 [ Bxc6 ] (Time: 18472 ms)
  10 of 11 tests passed.
  12) PASS:    Qxf3+ [ Qxf3+ ] (Time: 3267 ms)
  11 of 12 tests passed.
  13) PASS:    Qxf8+ [ Qxf8+ ] (Time: 7991 ms)
  12 of 13 tests passed.
  14) PASS:    Qxh7+ [ Qxh7+ ] (Time: 31902 ms)
  13 of 14 tests passed.
  15) PASS:     Rxb7 [ Rxb7 ] (Time: 2533 ms)
  14 of 15 tests passed.
  16) PASS:      Nc3 [ Nc3 ] (Time: 2237 ms)
  15 of 16 tests passed.
  17) PASS:      Ne5 [ Ne5 ] (Time: 24866 ms)
  16 of 17 tests passed.
  18) FAIL:      Kh1 [ Rh8 ] (Time: 124 ms)
  16 of 18 tests passed.
  19) PASS:       c6 [ c6 ] (Time: 39359 ms)
  17 of 19 tests passed.
  20) PASS:      Bb5 [ Bb5 ] (Time: 26194 ms)
  18 of 20 tests passed.
  21) FAIL:     Qxc3 [ Qh6 ] (Time: 1654 ms)
  18 of 21 tests passed.
  22) PASS:     Nxf7 [ Ba2 Nxf7 ] (Time: 14256 ms)
  19 of 22 tests passed.
  23) PASS:       g4 [ g4 ] (Time: 10199 ms)
  20 of 23 tests passed.
  24) PASS:      Bd4 [ Bd4 ] (Time: 2313 ms)
  21 of 24 tests passed.
  25) PASS:     Qh4+ [ Qh4+ ] (Time: 102 ms)
  22 of 25 tests passed.
  26) PASS:      Bf5 [ Bf5 ] (Time: 1294 ms)
  23 of 26 tests passed.
  27) PASS:     Qf8+ [ Qf8+ ] (Time: 6364 ms)
  24 of 27 tests passed.
  28) FAIL:     Qxb2 [ Qe1+ ] (Time: 2688 ms)
  24 of 28 tests passed.
  29) PASS:       c6 [ c6 ] (Time: 16294 ms)
  25 of 29 tests passed.
  30) FAIL:     Qc3+ [ Nxd6 ] (Time: 5288 ms)
  25 of 30 tests passed.
  31) PASS:     dxe6 [ Qxa8 d6 dxe6 g3 ] (Time: 29005 ms)
  26 of 31 tests passed.
  32) FAIL:      Qd2 [ Qd8+ ] (Time: 2204 ms)
  26 of 32 tests passed.
  33) PASS:     Qe5+ [ Qe5+ Qf4 ] (Time: 5227 ms)
  27 of 33 tests passed.
  34) PASS:      Bg1 [ Bg1 ] (Time: 89959 ms)
  28 of 34 tests passed.
  35) FAIL:      Rc1 [ Rxh7+ ] (Time: 26222 ms)
  28 of 35 tests passed.
  36) PASS:     Re1+ [ Re1+ ] (Time: 2058 ms)
  29 of 36 tests passed.
  37) PASS:    Nxd4+ [ Nxd4+ ] (Time: 728 ms)
  30 of 37 tests passed.
  38) PASS:     Rd8+ [ Qd3 Rd8+ ] (Time: 1218 ms)
  31 of 38 tests passed.
  39) PASS:      Na4 [ Na4 ] (Time: 2088 ms)
  32 of 39 tests passed.
  40) PASS:      Rc8 [ Rc8 ] (Time: 41977 ms)
  33 of 40 tests passed.
  41) FAIL:     Rf8+ [ Ka5 Kc5 b7 ] (Time: 304 ms)
  33 of 41 tests passed.
  42) PASS:      Ba5 [ Ba5 ] (Time: 5065 ms)
  34 of 42 tests passed.
  43) PASS:      Be7 [ Be7 Qxa8 ] (Time: 4871 ms)
  35 of 43 tests passed.
  44) PASS:     dxc4 [ dxc4 ] (Time: 20296 ms)
  36 of 44 tests passed.
  45) PASS:     Qxa1 [ Qxa1 ] (Time: 1206 ms)
  37 of 45 tests passed.
  46) FAIL:      Bb5 [ Nb5 ] (Time: 5685 ms)
  37 of 46 tests passed.
  47) FAIL:       h6 [ Nxd4 ] (Time: 50858 ms)
  37 of 47 tests passed.
  48) PASS:      Rb4 [ Rb4 ] (Time: 43408 ms)
  38 of 48 tests passed.
  49) FAIL:      Nf5 [ Qxh7+ ] (Time: 8409 ms)
  38 of 49 tests passed.
  50) PASS:    Rxb6+ [ Rxb6+ ] (Time: 1180 ms)
  39 of 50 tests passed.
  51) PASS:     Rg4+ [ Rg4+ ] (Time: 11245 ms)
  40 of 51 tests passed.
  52) PASS:      Re7 [ Re7 c4 ] (Time: 3843 ms)
  41 of 52 tests passed.
  53) PASS:      Re1 [ Re1 ] (Time: 986 ms)
  42 of 53 tests passed.
  54) PASS:     Qh1+ [ Qh1+ ] (Time: 7638 ms)
  43 of 54 tests passed.
  55) FAIL:      Rf3 [ Qxg7+ ] (Time: 64101 ms)
  43 of 55 tests passed.
  56) PASS:    Bxf2+ [ Bxf2+ ] (Time: 9802 ms)
  44 of 56 tests passed.
  57) PASS:     Rf8+ [ Rf8+ ] (Time: 461 ms)
  45 of 57 tests passed.
  58) FAIL:      Rc5 [ Qd1+ ] (Time: 1187 ms)
  45 of 58 tests passed.
  59) PASS:      Nd5 [ Nd5 ] (Time: 39870 ms)
  46 of 59 tests passed.
  60) PASS:     Qh8+ [ Qh8+ ] (Time: 2822 ms)
  47 of 60 tests passed.
  61) PASS:     Qf7+ [ Qf7+ ] (Time: 21890 ms)
  48 of 61 tests passed.
  62) PASS:    Rxg3+ [ Rxg3+ ] (Time: 5194 ms)
  49 of 62 tests passed.
  63) PASS:     Nxf7 [ Nxf7 ] (Time: 16808 ms)
  50 of 63 tests passed.
  64) PASS:      g4+ [ g4+ ] (Time: 1850 ms)
  51 of 64 tests passed.
  65) FAIL:    Qxf8+ [ Ne7+ ] (Time: 7485 ms)
  51 of 65 tests passed.
  66) PASS:     Qxe5 [ Qxe5 ] (Time: 2906 ms)
  52 of 66 tests passed.
  67) PASS:     Rxd5 [ Rxd5 ] (Time: 1010 ms)
  53 of 67 tests passed.
  68) PASS:     Qxe3 [ Qxe3 ] (Time: 3801 ms)
  54 of 68 tests passed.
  69) FAIL:     Re8+ [ f3 h3 ] (Time: 557 ms)
  54 of 69 tests passed.
  70) PASS:     Na2+ [ Na2+ ] (Time: 1390 ms)
  55 of 70 tests passed.
  71) FAIL:    Qxd7+ [ Nxa7+ ] (Time: 56362 ms)
  55 of 71 tests passed.
  72) PASS:       e6 [ e6 ] (Time: 15362 ms)
  56 of 72 tests passed.
  73) FAIL:      Nd5 [ Qd2 ] (Time: 53483 ms)
  56 of 73 tests passed.
  74) FAIL:     Qxe4 [ Qf1+ ] (Time: 2158 ms)
  56 of 74 tests passed.
  75) PASS:      Qd6 [ Qd6 ] (Time: 25247 ms)
  57 of 75 tests passed.
  76) PASS:     Bxf6 [ Bxf6 ] (Time: 8751 ms)
  58 of 76 tests passed.
  77) PASS:      Ng3 [ Ng3 ] (Time: 6512 ms)
  59 of 77 tests passed.
  78) PASS:     Ng5+ [ Ng5+ ] (Time: 2462 ms)
  60 of 78 tests passed.
  79) PASS:    Qxh2+ [ Qxh2+ ] (Time: 23263 ms)
  61 of 79 tests passed.
  80) FAIL:      Qc2 [ Ra1 ] (Time: 21526 ms)
  61 of 80 tests passed.
  81) FAIL:      Nd5 [ Bd6 ] (Time: 74807 ms)
  61 of 81 tests passed.
  82) PASS:     Bh7+ [ Bh7+ ] (Time: 1514 ms)
  62 of 82 tests passed.
  83) PASS:     Qxd7 [ Qxd7 ] (Time: 16316 ms)
  63 of 83 tests passed.
  84) PASS:     Qg8+ [ Qg8+ ] (Time: 31403 ms)
  64 of 84 tests passed.
  85) PASS:      Na6 [ Na6 ] (Time: 29843 ms)
  65 of 85 tests passed.
  86) FAIL:       h4 [ Ng4+ ] (Time: 370 ms)
  65 of 86 tests passed.
  87) FAIL:     cxd4 [ Rxe5 ] (Time: 250 ms)
  65 of 87 tests passed.
  88) FAIL:      Qg7 [ Rxg2+ ] (Time: 41971 ms)
  65 of 88 tests passed.
  89) FAIL:      Bd6 [ g5 ] (Time: 15054 ms)
  65 of 89 tests passed.
  90) FAIL:      Bh4 [ Nxg7 ] (Time: 26130 ms)
  65 of 90 tests passed.
  91) FAIL:      Nc2 [ Be6 ] (Time: 3439 ms)
  65 of 91 tests passed.
  92) FAIL:      Bc4 [ Bxg4 ] (Time: 15248 ms)
  65 of 92 tests passed.
  93) PASS:      Bh6 [ Bh6 ] (Time: 4468 ms)
  66 of 93 tests passed.
  94) PASS:      e4+ [ e4+ ] (Time: 301 ms)
  67 of 94 tests passed.
  95) PASS:     Ng4+ [ Ng4+ ] (Time: 75 ms)
  68 of 95 tests passed.
  96) PASS:     Qd8+ [ Qd8+ b3 ] (Time: 681 ms)
  69 of 96 tests passed.
  97) PASS:     Qa8+ [ Qa8+ ] (Time: 184 ms)
  70 of 97 tests passed.
  98) FAIL:      Nb3 [ Nxe4 ] (Time: 17849 ms)
  70 of 98 tests passed.
  99) PASS:      Rh5 [ Rh5 ] (Time: 28693 ms)
  71 of 99 tests passed.
 100) PASS:      Be3 [ Be3 b6+ ] (Time: 27 ms)
  72 of 100 tests passed.
 101) PASS:      Bc3 [ Bc3 ] (Time: 1143 ms)
  73 of 101 tests passed.
 102) PASS:    Qxf8+ [ Qxf8+ ] (Time: 23820 ms)
  74 of 102 tests passed.
 103) FAIL:    Rxg6+ [ Qxg6+ ] (Time: 5916 ms)
  74 of 103 tests passed.
 104) PASS:     Qxh5 [ Qxh5 ] (Time: 6046 ms)
  75 of 104 tests passed.
 105) PASS:     Qxh4 [ Bxg3 Qxh4 ] (Time: 17582 ms)
  76 of 105 tests passed.
 106) FAIL:     Rxf1 [ Nf2+ ] (Time: 4870 ms)
  76 of 106 tests passed.
 107) PASS:      Nb5 [ Nb5 ] (Time: 1878 ms)
  77 of 107 tests passed.
 108) PASS:      Qe5 [ Qe5 ] (Time: 22495 ms)
  78 of 108 tests passed.
 109) PASS:       c3 [ c3 ] (Time: 33416 ms)
  79 of 109 tests passed.
 110) PASS:      Be3 [ Be3 ] (Time: 15440 ms)
  80 of 110 tests passed.
 111) FAIL:     Qd1+ [ Qf1+ ] (Time: 753 ms)
  80 of 111 tests passed.
 112) PASS:     Rxe6 [ Rxe6 ] (Time: 76216 ms)
  81 of 112 tests passed.
 113) PASS:     Qxf6 [ Qxf6 ] (Time: 2493 ms)
  82 of 113 tests passed.
 114) PASS:    Bxh7+ [ Bxh7+ ] (Time: 5988 ms)
  83 of 114 tests passed.
 115) PASS:      Nd6 [ Nd6 ] (Time: 3329 ms)
  84 of 115 tests passed.
 116) FAIL:      Qf4 [ Rd2 ] (Time: 44415 ms)
  84 of 116 tests passed.
 117) PASS:      Ne4 [ Ne4 ] (Time: 24778 ms)
  85 of 117 tests passed.
 118) FAIL:      Rf5 [ Rh4 ] (Time: 8507 ms)
  85 of 118 tests passed.
 119) FAIL:     Nf2+ [ Qxd3 ] (Time: 13303 ms)
  85 of 119 tests passed.
 120) PASS:       g6 [ Rhg1 g6 ] (Time: 18449 ms)
  86 of 120 tests passed.
 121) PASS:    Bxf3+ [ Bxf3+ ] (Time: 2389 ms)
  87 of 121 tests passed.
 122) PASS:    Rxf1+ [ Rxf1+ ] (Time: 1147 ms)
  88 of 122 tests passed.
 123) PASS:     Bxd5 [ Bxd5 Rc7 Re6 ] (Time: 4715 ms)
  89 of 123 tests passed.
 124) FAIL:     Rd1+ [ g3 ] (Time: 999 ms)
  89 of 124 tests passed.
 125) FAIL:      Nf4 [ Bxd4+ ] (Time: 3828 ms)
  89 of 125 tests passed.
 126) PASS:    Rxc6+ [ Rxc6+ ] (Time: 261 ms)
  90 of 126 tests passed.
 127) FAIL:     fxg5 [ Rxb7 ] (Time: 2478 ms)
  90 of 127 tests passed.
 128) PASS:      Qg6 [ Qg6 ] (Time: 11791 ms)
  91 of 128 tests passed.
 129) PASS:      Bf3 [ Bf3 ] (Time: 6684 ms)
  92 of 129 tests passed.
 130) FAIL:      Rf8 [ Qh6 Qh8 ] (Time: 15999 ms)
  92 of 130 tests passed.
 131) FAIL:      Qe5 [ Re8 ] (Time: 60106 ms)
  92 of 131 tests passed.
 132) PASS:      Re1 [ Re1 ] (Time: 222 ms)
  93 of 132 tests passed.
 133) FAIL:      Ba4 [ Bh4 ] (Time: 5536 ms)
  93 of 133 tests passed.
 134) PASS:     Rd1+ [ Rd1+ ] (Time: 5977 ms)
  94 of 134 tests passed.
 135) FAIL:     Qd4+ [ Nd4 ] (Time: 15308 ms)
  94 of 135 tests passed.
 136) PASS:     Rc8+ [ Rc8+ ] (Time: 6588 ms)
  95 of 136 tests passed.
 137) PASS:      Rd7 [ Rd7 ] (Time: 82733 ms)
  96 of 137 tests passed.
 138) PASS:       h5 [ h5 ] (Time: 15730 ms)
  97 of 138 tests passed.
 139) FAIL:      Qe7 [ Nf6+ ] (Time: 11938 ms)
  97 of 139 tests passed.
 140) PASS:      Rc7 [ Bc7 Rc7 ] (Time: 18733 ms)
  98 of 140 tests passed.
 141) FAIL:     Rxf4 [ Qxf4 ] (Time: 956 ms)
  98 of 141 tests passed.
 142) PASS:      Re8 [ Re8 f6+ ] (Time: 10026 ms)
  99 of 142 tests passed.
 143) PASS:    Rxh6+ [ Rxh6+ ] (Time: 2863 ms)
 100 of 143 tests passed.
 144) FAIL:     Bxe2 [ d3 ] (Time: 6039 ms)
 100 of 144 tests passed.
 145) FAIL:    Bxf6+ [ Re8 ] (Time: 16279 ms)
 100 of 145 tests passed.
 146) PASS:      Bd3 [ Bc8 Bd3 Bh3 ] (Time: 21 ms)
 101 of 146 tests passed.
 147) FAIL:      Nh5 [ Nxg4 ] (Time: 44248 ms)
 101 of 147 tests passed.
 148) FAIL:      Qe1 [ Rxg7 ] (Time: 31026 ms)
 101 of 148 tests passed.
 149) FAIL:      Qg6 [ Bxg2 ] (Time: 7565 ms)
 101 of 149 tests passed.
 150) PASS:      Be5 [ Ba3 Be5 Bf8 e3 ] (Time: 62601 ms)
 102 of 150 tests passed.
 151) FAIL:      Nd6 [ Nc3 ] (Time: 1260 ms)
 102 of 151 tests passed.
 152) PASS:      Ne4 [ Ne4 ] (Time: 5713 ms)
 103 of 152 tests passed.
 153) FAIL:      Qb6 [ Nxd4 ] (Time: 30939 ms)
 103 of 153 tests passed.
 154) PASS:    Qxf7+ [ Qxf7+ ] (Time: 372 ms)
 104 of 154 tests passed.
 155) FAIL:      Qc8 [ d6 ] (Time: 11134 ms)
 104 of 155 tests passed.
 156) PASS:    Qxh6+ [ Qxh6+ ] (Time: 29806 ms)
 105 of 156 tests passed.
 157) PASS:     Ne7+ [ Ne7+ ] (Time: 783 ms)
 106 of 157 tests passed.
 158) PASS:    Rxg7+ [ Rxg7+ ] (Time: 5208 ms)
 107 of 158 tests passed.
 159) PASS:     Ne6+ [ Ne6+ ] (Time: 6006 ms)
 108 of 159 tests passed.
 160) PASS:    Qxd7+ [ Qxd7+ ] (Time: 2840 ms)
 109 of 160 tests passed.
 161) FAIL:      Ne8 [ Qxd8+ ] (Time: 36518 ms)
 109 of 161 tests passed.
 162) PASS:      Bd5 [ Bd5 ] (Time: 4253 ms)
 110 of 162 tests passed.
 163) FAIL:       c5 [ Qg2+ ] (Time: 18709 ms)
 110 of 163 tests passed.
 164) FAIL:      Kh2 [ Rxc4+ ] (Time: 1783 ms)
 110 of 164 tests passed.
 165) FAIL:     Qd8+ [ Re2 ] (Time: 3423 ms)
 110 of 165 tests passed.
 166) PASS:       d4 [ d4 ] (Time: 953 ms)
 111 of 166 tests passed.
 167) FAIL:     Rf1+ [ Rxg2+ ] (Time: 2946 ms)
 111 of 167 tests passed.
 168) PASS:     Qd2+ [ Qd2+ ] (Time: 7435 ms)
 112 of 168 tests passed.
 169) FAIL:      Qg4 [ Bh6 ] (Time: 13735 ms)
 112 of 169 tests passed.
 170) PASS:     Qxc4 [ Qxc4 ] (Time: 580 ms)
 113 of 170 tests passed.
 171) FAIL:       h5 [ Bh6+ ] (Time: 12140 ms)
 113 of 171 tests passed.
 172) PASS:     Qe1+ [ Qe1+ ] (Time: 1519 ms)
 114 of 172 tests passed.
 173) PASS:     Qh6+ [ Qh6+ ] (Time: 11373 ms)
 115 of 173 tests passed.
 174) PASS:     Nxg2 [ Nxg2 ] (Time: 26622 ms)
 116 of 174 tests passed.
 175) PASS:      Nh5 [ Nh5 ] (Time: 5485 ms)
 117 of 175 tests passed.
 176) FAIL:      Be6 [ Rxh2+ ] (Time: 8562 ms)
 117 of 176 tests passed.
 177) PASS:     Qa3+ [ Qa3+ ] (Time: 4858 ms)
 118 of 177 tests passed.
 178) FAIL:    Qxh7+ [ Nxe6 ] (Time: 5598 ms)
 118 of 178 tests passed.
 179) PASS:     Qg1+ [ Qg1+ ] (Time: 7522 ms)
 119 of 179 tests passed.
 180) FAIL:      Qa6 [ Nxd5 ] (Time: 26775 ms)
 119 of 180 tests passed.
 181) PASS:      Ng4 [ Ng4 ] (Time: 4367 ms)
 120 of 181 tests passed.
 182) FAIL:      Be4 [ Qh5 ] (Time: 56513 ms)
 120 of 182 tests passed.
 183) FAIL:     Rge1 [ Bf6 ] (Time: 30972 ms)
 120 of 183 tests passed.
 184) PASS:     Qe7+ [ Qe7+ ] (Time: 3774 ms)
 121 of 184 tests passed.
 185) FAIL:      Qe2 [ Qxh7+ ] (Time: 7446 ms)
 121 of 185 tests passed.
 186) PASS:     Bf8+ [ Bf8+ ] (Time: 4680 ms)
 122 of 186 tests passed.
 187) FAIL:     Qxe4 [ Nh3+ ] (Time: 37330 ms)
 122 of 187 tests passed.
 188) PASS:     Qg7+ [ Qg7+ ] (Time: 44093 ms)
 123 of 188 tests passed.
 189) FAIL:      Kg2 [ Re8+ ] (Time: 4037 ms)
 123 of 189 tests passed.
 190) FAIL:     Nf2+ [ Bh3 ] (Time: 309 ms)
 123 of 190 tests passed.
 191) PASS:      Qc4 [ Qc4 ] (Time: 46165 ms)
 124 of 191 tests passed.
 192) PASS:     Nd3+ [ Nd3+ ] (Time: 10856 ms)
 125 of 192 tests passed.
 193) FAIL:      Qe6 [ Qxe3 ] (Time: 36029 ms)
 125 of 193 tests passed.
 194) FAIL:      Qg4 [ Nh6+ ] (Time: 9805 ms)
 125 of 194 tests passed.
 195) PASS:       g3 [ g3 ] (Time: 21387 ms)
 126 of 195 tests passed.
 196) FAIL:      Ng4 [ Nb4 ] (Time: 26737 ms)
 126 of 196 tests passed.
 197) PASS:     Qf1+ [ Qf1+ ] (Time: 107 ms)
 127 of 197 tests passed.
 198) FAIL:      Ne2 [ Rd3 ] (Time: 3979 ms)
 127 of 198 tests passed.
 199) PASS:     Rcd1 [ Bxc6 Rcd1 Rfd1 ] (Time: 14008 ms)
 128 of 199 tests passed.
 200) FAIL:      Bf1 [ Bxf6 ] (Time: 29580 ms)
 128 of 200 tests passed.
 201) PASS:      Ra7 [ Ra7 ] (Time: 14672 ms)
 129 of 201 tests passed.
 202) FAIL:     Rxb8 [ Rxa2 ] (Time: 3528 ms)
 129 of 202 tests passed.
 203) PASS:      Qh6 [ Qh6 ] (Time: 12767 ms)
 130 of 203 tests passed.
 204) FAIL:      Qh5 [ Rxe5 ] (Time: 10831 ms)
 130 of 204 tests passed.
 205) FAIL:      Bd3 [ Qxg5 ] (Time: 30981 ms)
 130 of 205 tests passed.
 206) PASS:      Rc6 [ Rc6 ] (Time: 10487 ms)
 131 of 206 tests passed.
 207) FAIL:       f4 [ Qxg7+ ] (Time: 21159 ms)
 131 of 207 tests passed.
 208) FAIL:       b4 [ Bf7+ ] (Time: 29396 ms)
 131 of 208 tests passed.
 209) FAIL:     axb5 [ Rxe5+ ] (Time: 4612 ms)
 131 of 209 tests passed.
 210) FAIL:      Bd3 [ Rh1 ] (Time: 9025 ms)
 131 of 210 tests passed.
 211) FAIL:     Qxh7 [ Qxf7+ ] (Time: 1664 ms)
 131 of 211 tests passed.
 212) FAIL:      Qh5 [ Qxg7+ ] (Time: 10991 ms)
 131 of 212 tests passed.
 213) FAIL:      Qb2 [ Rxh7+ ] (Time: 15140 ms)
 131 of 213 tests passed.
 214) FAIL:      Rd1 [ Ng5 ] (Time: 43823 ms)
 131 of 214 tests passed.
 215) PASS:     Qh7+ [ Qh7+ ] (Time: 411 ms)
 132 of 215 tests passed.
 216) FAIL:      Bg5 [ Nxf7 a4 ] (Time: 21673 ms)
 132 of 216 tests passed.
 217) FAIL:      Ng3 [ Qd7+ ] (Time: 116028 ms)
 132 of 217 tests passed.
 218) PASS:      Bh6 [ Bh6 ] (Time: 16636 ms)
 133 of 218 tests passed.
 219) PASS:     Qf1+ [ Qf1+ ] (Time: 138 ms)
 134 of 219 tests passed.
 220) FAIL:      Ng5 [ Qxf1+ ] (Time: 25755 ms)
 134 of 220 tests passed.
 221) FAIL:       f4 [ Rd8+ ] (Time: 6442 ms)
 134 of 221 tests passed.
 222) FAIL:     bxa3 [ Bf6 ] (Time: 5391 ms)
 134 of 222 tests passed.
 223) FAIL:      Be5 [ Nxe4 ] (Time: 53221 ms)
 134 of 223 tests passed.
 224) PASS:      Rh6 [ Rh6 e4 ] (Time: 51258 ms)
 135 of 224 tests passed.
 225) PASS:     Qh4+ [ Qh4+ ] (Time: 28717 ms)
 136 of 225 tests passed.
 226) FAIL:      Rd8 [ Nf7 ] (Time: 65263 ms)
 136 of 226 tests passed.
 227) PASS:       d5 [ d5 ] (Time: 32286 ms)
 137 of 227 tests passed.
 228) FAIL:      Be5 [ Bxe4 ] (Time: 18174 ms)
 137 of 228 tests passed.
 229) FAIL:      Kd5 [ Rxh4 b4 ] (Time: 289 ms)
 137 of 229 tests passed.
 230) FAIL:      Rf7 [ Rb4 ] (Time: 233 ms)
 137 of 230 tests passed.
 231) FAIL:     Qxd7 [ Bg5 ] (Time: 22693 ms)
 137 of 231 tests passed.
 232) FAIL:      Qa4 [ Qb5 Rxe8 ] (Time: 15667 ms)
 137 of 232 tests passed.
 233) FAIL:    Rxf2+ [ Nb3 ] (Time: 1366 ms)
 137 of 233 tests passed.
 234) PASS:      Rb3 [ Rb3 ] (Time: 17568 ms)
 138 of 234 tests passed.
 235) PASS:    Rxf7+ [ Qe4 Qxf7+ Rxf7+ ] (Time: 2455 ms)
 139 of 235 tests passed.
 236) FAIL:    Bxh3+ [ Rc1 ] (Time: 3950 ms)
 139 of 236 tests passed.
 237) FAIL:     Rc5+ [ Rc1+ ] (Time: 25769 ms)
 139 of 237 tests passed.
 238) FAIL:    Qxf4+ [ Bxb7 ] (Time: 1220 ms)
 139 of 238 tests passed.
 239) FAIL:      Qc2 [ Qf1+ ] (Time: 2128 ms)
 139 of 239 tests passed.
 240) FAIL:      Nf3 [ Qxc6 ] (Time: 12923 ms)
 139 of 240 tests passed.
 241) FAIL:    Bxf7+ [ Qxh7+ ] (Time: 13631 ms)
 139 of 241 tests passed.
 242) PASS:     Rxd7 [ Rxd7 ] (Time: 14054 ms)
 140 of 242 tests passed.
 243) PASS:      Qe2 [ Qe2 ] (Time: 9398 ms)
 141 of 243 tests passed.
 244) FAIL:    Rxd5+ [ Qxc5+ ] (Time: 3072 ms)
 141 of 244 tests passed.
 245) FAIL:      Be3 [ Qxg6+ ] (Time: 15719 ms)
 141 of 245 tests passed.
 246) PASS:     Qh5+ [ Qh5+ ] (Time: 18339 ms)
 142 of 246 tests passed.
 247) FAIL:     Qc5+ [ Rxb5 ] (Time: 1779 ms)
 142 of 247 tests passed.
 248) FAIL:     Qxd5 [ Qc5+ ] (Time: 1699 ms)
 142 of 248 tests passed.
 249) PASS:       c5 [ c5 d5 ] (Time: 19982 ms)
 143 of 249 tests passed.
 250) FAIL:      Re1 [ Re8+ ] (Time: 9585 ms)
 143 of 250 tests passed.
 251) FAIL:      Qb2 [ Qe5 Qf4 ] (Time: 6469 ms)
 143 of 251 tests passed.
 252) PASS:      Re2 [ Bg4 Re2 ] (Time: 13975 ms)
 144 of 252 tests passed.
 253) FAIL:      c7+ [ Qe8+ ] (Time: 56 ms)
 144 of 253 tests passed.
 254) PASS:     Nxh3 [ Nxh3 ] (Time: 24763 ms)
 145 of 254 tests passed.
 255) PASS:   Rfxg6+ [ Rfxg6+ ] (Time: 87658 ms)
 146 of 255 tests passed.
 256) FAIL:      Qg4 [ Nf5 ] (Time: 4847 ms)
 146 of 256 tests passed.
 257) FAIL:      Ng5 [ Rxd4 ] (Time: 3059 ms)
 146 of 257 tests passed.
 258) FAIL:      Qh3 [ Bxg6 ] (Time: 11003 ms)
 146 of 258 tests passed.
 259) PASS:      Qh5 [ Qh5 ] (Time: 5197 ms)
 147 of 259 tests passed.
 260) FAIL:       f4 [ Qe6+ ] (Time: 17755 ms)
 147 of 260 tests passed.
 261) FAIL:    Qxg2+ [ Nd4 ] (Time: 9116 ms)
 147 of 261 tests passed.
 262) PASS:      Rh6 [ Rh6 ] (Time: 47402 ms)
 148 of 262 tests passed.
 263) FAIL:      Qf4 [ Qg8+ ] (Time: 94215 ms)
 148 of 263 tests passed.
 264) PASS:      Qe5 [ Qe5 Rab8 ] (Time: 15875 ms)
 149 of 264 tests passed.
 265) FAIL:     Qxe4 [ exf6 ] (Time: 6465 ms)
 149 of 265 tests passed.
 266) FAIL:      Bd4 [ Rxh2+ ] (Time: 38146 ms)
 149 of 266 tests passed.
 267) PASS:     Nc7+ [ Nc7+ ] (Time: 12916 ms)
 150 of 267 tests passed.
 268) PASS:     Re8+ [ Re8+ ] (Time: 15235 ms)
 151 of 268 tests passed.
 269) FAIL:      O-O [ axb4 ] (Time: 5703 ms)
 151 of 269 tests passed.
 270) FAIL:    Rxe8+ [ Qg4 ] (Time: 2784 ms)
 151 of 270 tests passed.
 271) PASS:      Rd6 [ Rd6 ] (Time: 290 ms)
 152 of 271 tests passed.
 272) FAIL:     R5b3 [ Bxc5 ] (Time: 9779 ms)
 152 of 272 tests passed.
 273) PASS:     Ng3+ [ Ng3+ g3 ] (Time: 2509 ms)
 153 of 273 tests passed.
 274) PASS:     Rg5+ [ Rb6 Rg5+ ] (Time: 59 ms)
 154 of 274 tests passed.
 275) PASS:      Nc5 [ Nc5 Nxg2 b5 ] (Time: 3463 ms)
 155 of 275 tests passed.
 276) FAIL:    Rxg7+ [ Qd5+ ] (Time: 5507 ms)
 155 of 276 tests passed.
 277) FAIL:     Bh4+ [ Rg3 Rxg2 ] (Time: 11721 ms)
 155 of 277 tests passed.
 278) FAIL:      Qe3 [ Bf7+ ] (Time: 12118 ms)
 155 of 278 tests passed.
 279) FAIL:      Rf1 [ Nxf5 Rc3 ] (Time: 14575 ms)
 155 of 279 tests passed.
 280) PASS:     Bxa3 [ Bxa3 ] (Time: 6137 ms)
 156 of 280 tests passed.
 281) PASS:    Rxh7+ [ Rxh7+ ] (Time: 1326 ms)
 157 of 281 tests passed.
 282) PASS:     Rh8+ [ Rh8+ ] (Time: 1871 ms)
 158 of 282 tests passed.
 283) FAIL:     Rxb3 [ Ng5 ] (Time: 9692 ms)
 158 of 283 tests passed.
 284) PASS:      Nf5 [ Nf5 ] (Time: 4482 ms)
 159 of 284 tests passed.
 285) FAIL:      Rg1 [ Qxg7+ ] (Time: 11883 ms)
 159 of 285 tests passed.
 286) PASS:    Rxd5+ [ Rxd5+ ] (Time: 3040 ms)
 160 of 286 tests passed.
 287) FAIL:      Bc4 [ Qg4 Qh5 ] (Time: 18951 ms)
 160 of 287 tests passed.
 288) FAIL:      Qe7 [ Nf6+ ] (Time: 10150 ms)
 160 of 288 tests passed.
 289) PASS:      Qe5 [ Qe5 ] (Time: 11044 ms)
 161 of 289 tests passed.
 290) FAIL:      Ne6 [ Ne2+ ] (Time: 13900 ms)
 161 of 290 tests passed.
 291) PASS:       h3 [ h3 ] (Time: 15347 ms)
 162 of 291 tests passed.
 292) PASS:      d6+ [ d6+ ] (Time: 1316 ms)
 163 of 292 tests passed.
 293) FAIL:       e3 [ Nfg5 ] (Time: 12808 ms)
 163 of 293 tests passed.
 294) PASS:      Qf4 [ Bf8 Nf5 Qf4 ] (Time: 49221 ms)
 164 of 294 tests passed.
 295) PASS:    Rxd5+ [ Rxd5+ ] (Time: 5987 ms)
 165 of 295 tests passed.
 296) FAIL:      Rd6 [ Rd4+ Rf8 ] (Time: 18979 ms)
 165 of 296 tests passed.
 297) FAIL:      Qh4 [ Bxg2 Bxh2+ ] (Time: 38144 ms)
 165 of 297 tests passed.
 298) FAIL:       d4 [ Qh8+ ] (Time: 4611 ms)
 165 of 298 tests passed.
 299) PASS:     Nca4 [ Nca4 ] (Time: 1103 ms)
 166 of 299 tests passed.
 300) PASS:       g6 [ g6 ] (Time: 11380 ms)
 167 of 300 tests passed.
 301) FAIL:       g4 [ d6 ] (Time: 8380 ms)
 167 of 301 tests passed.
 302) FAIL:       g6 [ Bb4 ] (Time: 24642 ms)
 167 of 302 tests passed.
 303) FAIL:    Qxh4+ [ Qc5 ] (Time: 2189 ms)
 167 of 303 tests passed.
 304) FAIL:      Be8 [ e5 ] (Time: 6393 ms)
 167 of 304 tests passed.
 305) FAIL:     Rce8 [ Bb5 ] (Time: 7664 ms)
 167 of 305 tests passed.
 306) FAIL:      Ra8 [ e5 ] (Time: 19471 ms)
 167 of 306 tests passed.
 307) FAIL:      Rd1 [ Nd1 ] (Time: 38981 ms)
 167 of 307 tests passed.
 308) FAIL:       f4 [ Bh3 ] (Time: 12909 ms)
 167 of 308 tests passed.
 309) FAIL:       h3 [ Qd4 ] (Time: 4713 ms)
 167 of 309 tests passed.
 310) FAIL:     exf5 [ Bf8 ] (Time: 1653 ms)
 167 of 310 tests passed.
 311) FAIL:      Ne3 [ h4 ] (Time: 3352 ms)
 167 of 311 tests passed.
 312) FAIL:     Rxc3 [ Rb6 ] (Time: 34104 ms)
 167 of 312 tests passed.
 313) FAIL:       e5 [ Nxa2 ] (Time: 15391 ms)
 167 of 313 tests passed.
 314) FAIL:       a3 [ d5 ] (Time: 11919 ms)
 167 of 314 tests passed.
 315) FAIL:      Rg4 [ Nxd6 ] (Time: 2986 ms)
 167 of 315 tests passed.
 316) FAIL:    Nxf6+ [ Qxh7+ ] (Time: 12111 ms)
 167 of 316 tests passed.
 317) FAIL:    Nef3+ [ Qf3 ] (Time: 88441 ms)
 167 of 317 tests passed.
 318) FAIL:      Nf3 [ exf6 ] (Time: 86526 ms)
 167 of 318 tests passed.
 319) FAIL:       c4 [ Rxh7+ ] (Time: 42885 ms)
 167 of 319 tests passed.
 320) FAIL:     Qxe4 [ exf6 ] (Time: 6090 ms)
 167 of 320 tests passed.
 321) FAIL:      Qe7 [ Rxc3 ] (Time: 55062 ms)
 167 of 321 tests passed.
 322) FAIL:      Ra1 [ Nf6+ ] (Time: 13432 ms)
 167 of 322 tests passed.
 323) FAIL:      Qd7 [ Rxd2 ] (Time: 19624 ms)
 167 of 323 tests passed.
 324) FAIL:      Qb3 [ Bxh6 ] (Time: 16612 ms)
 167 of 324 tests passed.
 325) FAIL:      Qh4 [ Nxh7 ] (Time: 33846 ms)
 167 of 325 tests passed.
 326) FAIL:     Nde2 [ e5 ] (Time: 17234 ms)
 167 of 326 tests passed.
 327) PASS:       f6 [ f6 ] (Time: 34 ms)
 168 of 327 tests passed.
 328) FAIL:      Kf2 [ f5 ] (Time: 217 ms)
 168 of 328 tests passed.
 329) FAIL:      Kc7 [ Bxe4 ] (Time: 41 ms)
 168 of 329 tests passed.
 330) PASS:       h5 [ h3; am h5 ] (Time: 214 ms)
 169 of 330 tests passed.
 331) FAIL:     Rxd1 [ a6 ] (Time: 770 ms)
 169 of 331 tests passed.
 332) FAIL:     Nxd3 [ f4 ] (Time: 322 ms)
 169 of 332 tests passed.
 333) FAIL:       e4 [ Bb4 ] (Time: 392 ms)
 169 of 333 tests passed.
 334) FAIL:      Kc2 [ c5 ] (Time: 66 ms)
 169 of 334 tests passed.
 335) FAIL:     fxg5 [ Kg4 ] (Time: 167 ms)
 169 of 335 tests passed.
 336) FAIL:      Qh5 [ Nf6+ ] (Time: 24852 ms)
 169 of 336 tests passed.
 337) FAIL:      Nd6 [ Nxd4 ] (Time: 29500 ms)
 169 of 337 tests passed.
 338) PASS:      Rd1 [ Rd1 ] (Time: 3228 ms)
 170 of 338 tests passed.
 339) FAIL:      Ne3 [ Rxb2 ] (Time: 41193 ms)
 170 of 339 tests passed.
 340) FAIL:      Rf8 [ Qxc1 ] (Time: 13530 ms)
 170 of 340 tests passed.
 341) FAIL:      Nf6 [ Rxa2 ] (Time: 8765 ms)
 170 of 341 tests passed.
 342) FAIL:       e5 [ Bxe4 ] (Time: 23055 ms)
 170 of 342 tests passed.
 343) FAIL:      Na8 [ h6 ] (Time: 16848 ms)
 170 of 343 tests passed.
 344) FAIL:      Rc1 [ Be2 ] (Time: 1753 ms)
 170 of 344 tests passed.
 345) FAIL:      Nf4 [ Nxc3 ] (Time: 1358 ms)
 170 of 345 tests passed.
 346) FAIL:      Rd2 [ Nf5 ] (Time: 10550 ms)
 170 of 346 tests passed.
 347) FAIL:      Qc5 [ Rd6 ] (Time: 80179 ms)
 170 of 347 tests passed.
 348) FAIL:      Be2 [ Nxd5 ] (Time: 1255 ms)
 170 of 348 tests passed.
 349) FAIL:      Bf4 [ Rxb2 ] (Time: 22934 ms)
 170 of 349 tests passed.
 350) FAIL:     Nxf5 [ Bxf5 ] (Time: 38872 ms)
 170 of 350 tests passed.
 351) FAIL:      Ke3 [ b4 ] (Time: 126 ms)
 170 of 351 tests passed.
 352) FAIL:      Rb1 [ e5 ] (Time: 33013 ms)
 170 of 352 tests passed.
 353) FAIL:      Bh4 [ Qc8 ] (Time: 32317 ms)
 170 of 353 tests passed.
 354) FAIL:      Qb4 [ Qxd7 ] (Time: 13801 ms)
 170 of 354 tests passed.
 355) FAIL:      Bg2 [ Bg4 ] (Time: 259 ms)
 170 of 355 tests passed.
 356) FAIL:     Kxc5 [ Kxb5 ] (Time: 88 ms)
 170 of 356 tests passed.
 357) FAIL:      Kh6 [ Ba7 ] (Time: 159 ms)
 170 of 357 tests passed.
 358) FAIL:      Nd7 [ Ba6 ] (Time: 3925 ms)
 170 of 358 tests passed.
 359) PASS:     Bxc6 [ Bxc6 ] (Time: 286 ms)
 171 of 359 tests passed.
 360) FAIL:       d4 [ Bxd7 ] (Time: 35 ms)
 171 of 360 tests passed.
 361) PASS:     Qd1+ [ Qd1+ ] (Time: 34051 ms)
 172 of 361 tests passed.
 362) FAIL:      Re1 [ d5 ] (Time: 1889 ms)
 172 of 362 tests passed.
 363) FAIL:      Qc7 [ f5 ] (Time: 2812 ms)
 172 of 363 tests passed.
 364) PASS:       e6 [ e6 ] (Time: 7234 ms)
 173 of 364 tests passed.
 365) FAIL:       e5 [ Nd5 a4 ] (Time: 18084 ms)
 173 of 365 tests passed.
 366) FAIL:      Kg2 [ g6 ] (Time: 801 ms)
 173 of 366 tests passed.
 367) FAIL:      Bb4 [ Nf6 ] (Time: 9157 ms)
 173 of 367 tests passed.
 368) FAIL:      Nc3 [ f5 ] (Time: 159 ms)
 173 of 368 tests passed.
 369) FAIL:      Bb5 [ f5 ] (Time: 9055 ms)
 173 of 369 tests passed.
 370) FAIL:      Qc5 [ Ne5 ] (Time: 9555 ms)
 173 of 370 tests passed.
 371) FAIL:     Rfb1 [ f4 ] (Time: 14368 ms)
 173 of 371 tests passed.
 372) PASS:      Bf5 [ Bf5 ] (Time: 7237 ms)
 174 of 372 tests passed.
 373) FAIL:     Rac1 [ b4 ] (Time: 8892 ms)
 174 of 373 tests passed.
 374) PASS:      Qd2 [ Qd2 Qe1 ] (Time: 2971 ms)
 175 of 374 tests passed.
 375) PASS:    Qxg7+ [ Qxg7+ ] (Time: 2734 ms)
 176 of 375 tests passed.
 376) FAIL:      Qh5 [ Ne4 ] (Time: 15969 ms)
 176 of 376 tests passed.
 377) FAIL:       h6 [ h5 ] (Time: 13459 ms)
 176 of 377 tests passed.
 378) FAIL:      Bg4 [ Nb3 ] (Time: 10556 ms)
 176 of 378 tests passed.
 379) FAIL:       f5 [ Rxe4 ] (Time: 28481 ms)
 176 of 379 tests passed.
 380) FAIL:      Nb5 [ g4 ] (Time: 28227 ms)
 176 of 380 tests passed.
 381) PASS:      Nh6 [ Nh6 ] (Time: 12528 ms)
 177 of 381 tests passed.
 382) FAIL:       e5 [ Bxe4 ] (Time: 23049 ms)
 177 of 382 tests passed.
 383) FAIL:      Bf5 [ f6 ] (Time: 25445 ms)
 177 of 383 tests passed.
 384) FAIL:     bxc5 [ f4 ] (Time: 2201 ms)
 177 of 384 tests passed.
